#! /usr/bin/vvp
:ivl_version "11.0 (stable)";
:ivl_delay_selection "TYPICAL";
:vpi_time_precision + 0;
:vpi_module "/usr/lib/x86_64-linux-gnu/ivl/system.vpi";
:vpi_module "/usr/lib/x86_64-linux-gnu/ivl/vhdl_sys.vpi";
:vpi_module "/usr/lib/x86_64-linux-gnu/ivl/vhdl_textio.vpi";
:vpi_module "/usr/lib/x86_64-linux-gnu/ivl/v2005_math.vpi";
:vpi_module "/usr/lib/x86_64-linux-gnu/ivl/va_math.vpi";
S_0x5575e2dcfd90 .scope module, "fun_tb" "fun_tb" 2 1;
 .timescale 0 0;
v0x5575e2e20910_0 .var "a", 0 0;
v0x5575e2e209d0_0 .var "b", 0 0;
v0x5575e2e20aa0_0 .var "c", 0 0;
v0x5575e2e20ba0_0 .var "d", 0 0;
v0x5575e2e20c70_0 .var "e", 0 0;
v0x5575e2e20d60_0 .net "f", 0 0, L_0x5575e2e21070;  1 drivers
S_0x5575e2dcff20 .scope module, "dut" "fun" 2 11, 3 1 0, S_0x5575e2dcfd90;
 .timescale 0 0;
    .port_info 0 /INPUT 1 "a";
    .port_info 1 /INPUT 1 "b";
    .port_info 2 /INPUT 1 "c";
    .port_info 3 /INPUT 1 "d";
    .port_info 4 /INPUT 1 "e";
    .port_info 5 /OUTPUT 1 "f";
v0x5575e2e201c0_0 .net *"_ivl_1", 0 0, L_0x5575e2e20e30;  1 drivers
L_0x7fe8b7cc0018 .functor BUFT 1, C4<0>, C4<0>, C4<0>, C4<0>;
v0x5575e2e202c0_0 .net/2u *"_ivl_2", 0 0, L_0x7fe8b7cc0018;  1 drivers
v0x5575e2e203a0_0 .net "a", 0 0, v0x5575e2e20910_0;  1 drivers
v0x5575e2e20440_0 .net "b", 0 0, v0x5575e2e209d0_0;  1 drivers
v0x5575e2e20500_0 .net "c", 0 0, v0x5575e2e20aa0_0;  1 drivers
v0x5575e2e20610_0 .net "d", 0 0, v0x5575e2e20ba0_0;  1 drivers
v0x5575e2e206d0_0 .net "e", 0 0, v0x5575e2e20c70_0;  1 drivers
v0x5575e2e20790_0 .net "f", 0 0, L_0x5575e2e21070;  alias, 1 drivers
L_0x5575e2e20e30 .ufunc/vec4 TD_fun_tb.dut.call, 1, v0x5575e2e20910_0, v0x5575e2e209d0_0, v0x5575e2e20aa0_0, v0x5575e2e20ba0_0 (v0x5575e2e0bc10_0, v0x5575e2e1fe90_0, v0x5575e2e1ff50_0, v0x5575e2e200b0_0) S_0x5575e2e0ba30;
L_0x5575e2e21070 .functor MUXZ 1, L_0x7fe8b7cc0018, v0x5575e2e20c70_0, L_0x5575e2e20e30, C4<>;
S_0x5575e2e0ba30 .scope function.vec4.s1, "call" "call" 3 6, 3 6 0, S_0x5575e2dcff20;
 .timescale 0 0;
v0x5575e2e0bc10_0 .var "a", 0 0;
v0x5575e2e1fe90_0 .var "b", 0 0;
v0x5575e2e1ff50_0 .var "c", 0 0;
; Variable call is vec4 return value of scope S_0x5575e2e0ba30
v0x5575e2e200b0_0 .var "d", 0 0;
TD_fun_tb.dut.call ;
    %load/vec4 v0x5575e2e0bc10_0;
    %load/vec4 v0x5575e2e1fe90_0;
    %add;
    %load/vec4 v0x5575e2e1ff50_0;
    %load/vec4 v0x5575e2e200b0_0;
    %sub;
    %add;
    %ret/vec4 0, 0, 1;  Assign to call (store_vec4_to_lval)
    %end;
    .scope S_0x5575e2dcfd90;
T_1 ;
    %vpi_call 2 21 "$dumpfile", "functionwave.vcd" {0 0 0};
    %vpi_call 2 22 "$dumpvars" {0 0 0};
    %pushi/vec4 0, 0, 5;
    %split/vec4 1;
    %store/vec4 v0x5575e2e20c70_0, 0, 1;
    %split/vec4 1;
    %store/vec4 v0x5575e2e20ba0_0, 0, 1;
    %split/vec4 1;
    %store/vec4 v0x5575e2e20aa0_0, 0, 1;
    %split/vec4 1;
    %store/vec4 v0x5575e2e209d0_0, 0, 1;
    %store/vec4 v0x5575e2e20910_0, 0, 1;
    %delay 2, 0;
    %pushi/vec4 1, 0, 5;
    %split/vec4 1;
    %store/vec4 v0x5575e2e20c70_0, 0, 1;
    %split/vec4 1;
    %store/vec4 v0x5575e2e20ba0_0, 0, 1;
    %split/vec4 1;
    %store/vec4 v0x5575e2e20aa0_0, 0, 1;
    %split/vec4 1;
    %store/vec4 v0x5575e2e209d0_0, 0, 1;
    %store/vec4 v0x5575e2e20910_0, 0, 1;
    %delay 2, 0;
    %pushi/vec4 2, 0, 5;
    %split/vec4 1;
    %store/vec4 v0x5575e2e20c70_0, 0, 1;
    %split/vec4 1;
    %store/vec4 v0x5575e2e20ba0_0, 0, 1;
    %split/vec4 1;
    %store/vec4 v0x5575e2e20aa0_0, 0, 1;
    %split/vec4 1;
    %store/vec4 v0x5575e2e209d0_0, 0, 1;
    %store/vec4 v0x5575e2e20910_0, 0, 1;
    %delay 2, 0;
    %pushi/vec4 6, 0, 5;
    %split/vec4 1;
    %store/vec4 v0x5575e2e20c70_0, 0, 1;
    %split/vec4 1;
    %store/vec4 v0x5575e2e20ba0_0, 0, 1;
    %split/vec4 1;
    %store/vec4 v0x5575e2e20aa0_0, 0, 1;
    %split/vec4 1;
    %store/vec4 v0x5575e2e209d0_0, 0, 1;
    %store/vec4 v0x5575e2e20910_0, 0, 1;
    %end;
    .thread T_1;
    .scope S_0x5575e2dcfd90;
T_2 ;
    %vpi_call 2 29 "$monitor", "a=%b,b=%b,c=%b,d=%b,e=%b,f=%b", v0x5575e2e20910_0, v0x5575e2e209d0_0, v0x5575e2e20aa0_0, v0x5575e2e20ba0_0, v0x5575e2e20c70_0, v0x5575e2e20d60_0 {0 0 0};
    %delay 20, 0;
    %vpi_call 2 30 "$finish" {0 0 0};
    %end;
    .thread T_2;
# The file index is used to find the file name in the following table.
:file_names 4;
    "N/A";
    "<interactive>";
    "fun_tb.v";
    "fun.v";
