#! /usr/bin/vvp
:ivl_version "11.0 (stable)";
:ivl_delay_selection "TYPICAL";
:vpi_time_precision + 0;
:vpi_module "/usr/lib/x86_64-linux-gnu/ivl/system.vpi";
:vpi_module "/usr/lib/x86_64-linux-gnu/ivl/vhdl_sys.vpi";
:vpi_module "/usr/lib/x86_64-linux-gnu/ivl/vhdl_textio.vpi";
:vpi_module "/usr/lib/x86_64-linux-gnu/ivl/v2005_math.vpi";
:vpi_module "/usr/lib/x86_64-linux-gnu/ivl/va_math.vpi";
S_0x55b4d04e7900 .scope module, "rom_tb" "rom_tb" 2 1;
 .timescale 0 0;
v0x55b4d04fdef0_0 .var "addres", 2 0;
v0x55b4d04fdfd0_0 .var "clk", 0 0;
v0x55b4d04fe0a0_0 .net "data_out", 7 0, v0x55b4d04fdbb0_0;  1 drivers
v0x55b4d04fe1a0_0 .var "en", 0 0;
S_0x55b4d04e7a90 .scope module, "uut" "rom" 2 7, 3 1 0, S_0x55b4d04e7900;
 .timescale 0 0;
    .port_info 0 /INPUT 1 "clk";
    .port_info 1 /INPUT 3 "addres";
    .port_info 2 /OUTPUT 8 "data_out";
    .port_info 3 /INPUT 1 "en";
v0x55b4d04d54d0_0 .net "addres", 2 0, v0x55b4d04fdef0_0;  1 drivers
v0x55b4d04fdaf0_0 .net "clk", 0 0, v0x55b4d04fdfd0_0;  1 drivers
v0x55b4d04fdbb0_0 .var "data_out", 7 0;
v0x55b4d04fdca0_0 .net "en", 0 0, v0x55b4d04fe1a0_0;  1 drivers
v0x55b4d04fdd60 .array "mem", 7 0, 7 0;
E_0x55b4d04e83b0 .event posedge, v0x55b4d04fdaf0_0;
E_0x55b4d04e8db0 .event edge, v0x55b4d04d54d0_0;
    .scope S_0x55b4d04e7a90;
T_0 ;
    %pushi/vec4 0, 0, 8;
    %store/vec4 v0x55b4d04fdbb0_0, 0, 8;
    %end;
    .thread T_0;
    .scope S_0x55b4d04e7a90;
T_1 ;
    %wait E_0x55b4d04e8db0;
    %load/vec4 v0x55b4d04d54d0_0;
    %dup/vec4;
    %pushi/vec4 0, 0, 3;
    %cmp/u;
    %jmp/1 T_1.0, 6;
    %dup/vec4;
    %pushi/vec4 1, 0, 3;
    %cmp/u;
    %jmp/1 T_1.1, 6;
    %dup/vec4;
    %pushi/vec4 2, 0, 3;
    %cmp/u;
    %jmp/1 T_1.2, 6;
    %dup/vec4;
    %pushi/vec4 3, 0, 3;
    %cmp/u;
    %jmp/1 T_1.3, 6;
    %dup/vec4;
    %pushi/vec4 4, 0, 3;
    %cmp/u;
    %jmp/1 T_1.4, 6;
    %dup/vec4;
    %pushi/vec4 5, 0, 3;
    %cmp/u;
    %jmp/1 T_1.5, 6;
    %dup/vec4;
    %pushi/vec4 6, 0, 3;
    %cmp/u;
    %jmp/1 T_1.6, 6;
    %dup/vec4;
    %pushi/vec4 7, 0, 3;
    %cmp/u;
    %jmp/1 T_1.7, 6;
    %pushi/vec4 0, 0, 8;
    %load/vec4 v0x55b4d04d54d0_0;
    %pad/u 5;
    %ix/vec4 4;
    %store/vec4a v0x55b4d04fdd60, 4, 0;
    %jmp T_1.9;
T_1.0 ;
    %pushi/vec4 1, 0, 8;
    %load/vec4 v0x55b4d04d54d0_0;
    %pad/u 5;
    %ix/vec4 4;
    %store/vec4a v0x55b4d04fdd60, 4, 0;
    %jmp T_1.9;
T_1.1 ;
    %pushi/vec4 2, 0, 8;
    %load/vec4 v0x55b4d04d54d0_0;
    %pad/u 5;
    %ix/vec4 4;
    %store/vec4a v0x55b4d04fdd60, 4, 0;
    %jmp T_1.9;
T_1.2 ;
    %pushi/vec4 3, 0, 8;
    %load/vec4 v0x55b4d04d54d0_0;
    %pad/u 5;
    %ix/vec4 4;
    %store/vec4a v0x55b4d04fdd60, 4, 0;
    %jmp T_1.9;
T_1.3 ;
    %pushi/vec4 4, 0, 8;
    %load/vec4 v0x55b4d04d54d0_0;
    %pad/u 5;
    %ix/vec4 4;
    %store/vec4a v0x55b4d04fdd60, 4, 0;
    %jmp T_1.9;
T_1.4 ;
    %pushi/vec4 5, 0, 8;
    %load/vec4 v0x55b4d04d54d0_0;
    %pad/u 5;
    %ix/vec4 4;
    %store/vec4a v0x55b4d04fdd60, 4, 0;
    %jmp T_1.9;
T_1.5 ;
    %pushi/vec4 6, 0, 8;
    %load/vec4 v0x55b4d04d54d0_0;
    %pad/u 5;
    %ix/vec4 4;
    %store/vec4a v0x55b4d04fdd60, 4, 0;
    %jmp T_1.9;
T_1.6 ;
    %pushi/vec4 7, 0, 8;
    %load/vec4 v0x55b4d04d54d0_0;
    %pad/u 5;
    %ix/vec4 4;
    %store/vec4a v0x55b4d04fdd60, 4, 0;
    %jmp T_1.9;
T_1.7 ;
    %pushi/vec4 8, 0, 8;
    %load/vec4 v0x55b4d04d54d0_0;
    %pad/u 5;
    %ix/vec4 4;
    %store/vec4a v0x55b4d04fdd60, 4, 0;
    %jmp T_1.9;
T_1.9 ;
    %pop/vec4 1;
    %jmp T_1;
    .thread T_1, $push;
    .scope S_0x55b4d04e7a90;
T_2 ;
    %wait E_0x55b4d04e83b0;
    %load/vec4 v0x55b4d04fdca0_0;
    %flag_set/vec4 8;
    %jmp/0xz  T_2.0, 8;
    %load/vec4 v0x55b4d04d54d0_0;
    %pad/u 5;
    %ix/vec4 4;
    %load/vec4a v0x55b4d04fdd60, 4;
    %assign/vec4 v0x55b4d04fdbb0_0, 0;
    %jmp T_2.1;
T_2.0 ;
    %load/vec4 v0x55b4d04fdbb0_0;
    %assign/vec4 v0x55b4d04fdbb0_0, 0;
T_2.1 ;
    %jmp T_2;
    .thread T_2;
    .scope S_0x55b4d04e7900;
T_3 ;
    %vpi_call 2 10 "$dumpfile", "rom.vcd" {0 0 0};
    %vpi_call 2 11 "$dumpvars" {0 0 0};
    %pushi/vec4 0, 0, 1;
    %store/vec4 v0x55b4d04fdfd0_0, 0, 1;
    %pushi/vec4 1, 0, 1;
    %store/vec4 v0x55b4d04fe1a0_0, 0, 1;
    %pushi/vec4 0, 0, 3;
    %store/vec4 v0x55b4d04fdef0_0, 0, 3;
    %delay 5, 0;
    %pushi/vec4 1, 0, 3;
    %store/vec4 v0x55b4d04fdef0_0, 0, 3;
    %delay 5, 0;
    %pushi/vec4 2, 0, 3;
    %store/vec4 v0x55b4d04fdef0_0, 0, 3;
    %delay 5, 0;
    %pushi/vec4 3, 0, 3;
    %store/vec4 v0x55b4d04fdef0_0, 0, 3;
    %delay 5, 0;
    %pushi/vec4 4, 0, 3;
    %store/vec4 v0x55b4d04fdef0_0, 0, 3;
    %delay 5, 0;
    %pushi/vec4 5, 0, 3;
    %store/vec4 v0x55b4d04fdef0_0, 0, 3;
    %delay 5, 0;
    %pushi/vec4 6, 0, 3;
    %store/vec4 v0x55b4d04fdef0_0, 0, 3;
    %delay 5, 0;
    %pushi/vec4 7, 0, 3;
    %store/vec4 v0x55b4d04fdef0_0, 0, 3;
    %delay 5, 0;
    %pushi/vec4 0, 0, 3;
    %store/vec4 v0x55b4d04fdef0_0, 0, 3;
    %delay 5, 0;
    %vpi_call 2 23 "$finish" {0 0 0};
    %end;
    .thread T_3;
    .scope S_0x55b4d04e7900;
T_4 ;
    %delay 10, 0;
    %load/vec4 v0x55b4d04fdfd0_0;
    %inv;
    %store/vec4 v0x55b4d04fdfd0_0, 0, 1;
    %jmp T_4;
    .thread T_4;
    .scope S_0x55b4d04e7900;
T_5 ;
    %vpi_call 2 27 "$monitor", "clk=%d,address=%b,dataout=%b", v0x55b4d04fdfd0_0, v0x55b4d04fdef0_0, v0x55b4d04fe0a0_0 {0 0 0};
    %end;
    .thread T_5;
# The file index is used to find the file name in the following table.
:file_names 4;
    "N/A";
    "<interactive>";
    "rom_tb.v";
    "rom.v";
