#! /usr/bin/vvp
:ivl_version "11.0 (stable)";
:ivl_delay_selection "TYPICAL";
:vpi_time_precision + 0;
:vpi_module "/usr/lib/x86_64-linux-gnu/ivl/system.vpi";
:vpi_module "/usr/lib/x86_64-linux-gnu/ivl/vhdl_sys.vpi";
:vpi_module "/usr/lib/x86_64-linux-gnu/ivl/vhdl_textio.vpi";
:vpi_module "/usr/lib/x86_64-linux-gnu/ivl/v2005_math.vpi";
:vpi_module "/usr/lib/x86_64-linux-gnu/ivl/va_math.vpi";
S_0x5584800c2800 .scope module, "prbs_tb" "prbs_tb" 2 1;
 .timescale 0 0;
v0x5584800ebf30_0 .var "clk", 0 0;
v0x5584800ebfd0_0 .var "rst", 0 0;
v0x5584800ec090_0 .net "y", 6 0, L_0x5584800ec6d0;  1 drivers
S_0x5584800cc270 .scope module, "uut" "prbs" 2 4, 3 1 0, S_0x5584800c2800;
 .timescale 0 0;
    .port_info 0 /INPUT 1 "clk";
    .port_info 1 /INPUT 1 "rst";
    .port_info 2 /OUTPUT 7 "y";
L_0x5584800ecb90 .functor XOR 1, L_0x5584800ec9a0, L_0x5584800ecac0, C4<0>, C4<0>;
v0x5584800eb9d0_0 .net *"_ivl_28", 0 0, L_0x5584800ec9a0;  1 drivers
v0x5584800ebad0_0 .net *"_ivl_30", 0 0, L_0x5584800ecac0;  1 drivers
v0x5584800ebbb0_0 .net "clk", 0 0, v0x5584800ebf30_0;  1 drivers
v0x5584800ebc50_0 .net "o", 0 0, L_0x5584800ecb90;  1 drivers
v0x5584800ebd20_0 .net "rst", 0 0, v0x5584800ebfd0_0;  1 drivers
v0x5584800ebe10_0 .net "y", 6 0, L_0x5584800ec6d0;  alias, 1 drivers
L_0x5584800ec160 .part L_0x5584800ec6d0, 0, 1;
L_0x5584800ec280 .part L_0x5584800ec6d0, 1, 1;
L_0x5584800ec320 .part L_0x5584800ec6d0, 2, 1;
L_0x5584800ec3f0 .part L_0x5584800ec6d0, 3, 1;
L_0x5584800ec4f0 .part L_0x5584800ec6d0, 4, 1;
L_0x5584800ec5c0 .part L_0x5584800ec6d0, 5, 1;
LS_0x5584800ec6d0_0_0 .concat8 [ 1 1 1 1], v0x5584800bcd90_0, v0x558480093ba0_0, v0x5584800ea1d0_0, v0x5584800ea740_0;
LS_0x5584800ec6d0_0_4 .concat8 [ 1 1 1 0], v0x5584800ead10_0, v0x5584800eb210_0, v0x5584800eb7b0_0;
L_0x5584800ec6d0 .concat8 [ 4 3 0 0], LS_0x5584800ec6d0_0_0, LS_0x5584800ec6d0_0_4;
L_0x5584800ec9a0 .part L_0x5584800ec6d0, 0, 1;
L_0x5584800ecac0 .part L_0x5584800ec6d0, 6, 1;
S_0x5584800cc4a0 .scope module, "x1" "dff" 3 5, 3 15 0, S_0x5584800cc270;
 .timescale 0 0;
    .port_info 0 /INPUT 1 "clk";
    .port_info 1 /INPUT 1 "rst";
    .port_info 2 /INPUT 1 "d";
    .port_info 3 /OUTPUT 1 "q";
v0x5584800bead0_0 .net "clk", 0 0, v0x5584800ebf30_0;  alias, 1 drivers
v0x5584800bdc30_0 .net "d", 0 0, L_0x5584800ecb90;  alias, 1 drivers
v0x5584800bcd90_0 .var "q", 0 0;
v0x5584800bf3a0_0 .net "rst", 0 0, v0x5584800ebfd0_0;  alias, 1 drivers
E_0x5584800d0ac0 .event posedge, v0x5584800bead0_0;
S_0x5584800e9ab0 .scope module, "x2" "dff" 3 6, 3 15 0, S_0x5584800cc270;
 .timescale 0 0;
    .port_info 0 /INPUT 1 "clk";
    .port_info 1 /INPUT 1 "rst";
    .port_info 2 /INPUT 1 "d";
    .port_info 3 /OUTPUT 1 "q";
v0x5584800be500_0 .net "clk", 0 0, v0x5584800ebf30_0;  alias, 1 drivers
v0x5584800bd660_0 .net "d", 0 0, L_0x5584800ec160;  1 drivers
v0x558480093ba0_0 .var "q", 0 0;
v0x5584800e9cb0_0 .net "rst", 0 0, v0x5584800ebfd0_0;  alias, 1 drivers
S_0x5584800e9e10 .scope module, "x3" "dff" 3 7, 3 15 0, S_0x5584800cc270;
 .timescale 0 0;
    .port_info 0 /INPUT 1 "clk";
    .port_info 1 /INPUT 1 "rst";
    .port_info 2 /INPUT 1 "d";
    .port_info 3 /OUTPUT 1 "q";
v0x5584800ea020_0 .net "clk", 0 0, v0x5584800ebf30_0;  alias, 1 drivers
v0x5584800ea110_0 .net "d", 0 0, L_0x5584800ec280;  1 drivers
v0x5584800ea1d0_0 .var "q", 0 0;
v0x5584800ea270_0 .net "rst", 0 0, v0x5584800ebfd0_0;  alias, 1 drivers
S_0x5584800ea3e0 .scope module, "x4" "dff" 3 8, 3 15 0, S_0x5584800cc270;
 .timescale 0 0;
    .port_info 0 /INPUT 1 "clk";
    .port_info 1 /INPUT 1 "rst";
    .port_info 2 /INPUT 1 "d";
    .port_info 3 /OUTPUT 1 "q";
v0x5584800ea5c0_0 .net "clk", 0 0, v0x5584800ebf30_0;  alias, 1 drivers
v0x5584800ea680_0 .net "d", 0 0, L_0x5584800ec320;  1 drivers
v0x5584800ea740_0 .var "q", 0 0;
v0x5584800ea810_0 .net "rst", 0 0, v0x5584800ebfd0_0;  alias, 1 drivers
S_0x5584800ea960 .scope module, "x5" "dff" 3 9, 3 15 0, S_0x5584800cc270;
 .timescale 0 0;
    .port_info 0 /INPUT 1 "clk";
    .port_info 1 /INPUT 1 "rst";
    .port_info 2 /INPUT 1 "d";
    .port_info 3 /OUTPUT 1 "q";
v0x5584800eab90_0 .net "clk", 0 0, v0x5584800ebf30_0;  alias, 1 drivers
v0x5584800eac50_0 .net "d", 0 0, L_0x5584800ec3f0;  1 drivers
v0x5584800ead10_0 .var "q", 0 0;
v0x5584800eadb0_0 .net "rst", 0 0, v0x5584800ebfd0_0;  alias, 1 drivers
S_0x5584800eaf00 .scope module, "x6" "dff" 3 10, 3 15 0, S_0x5584800cc270;
 .timescale 0 0;
    .port_info 0 /INPUT 1 "clk";
    .port_info 1 /INPUT 1 "rst";
    .port_info 2 /INPUT 1 "d";
    .port_info 3 /OUTPUT 1 "q";
v0x5584800eb090_0 .net "clk", 0 0, v0x5584800ebf30_0;  alias, 1 drivers
v0x5584800eb150_0 .net "d", 0 0, L_0x5584800ec4f0;  1 drivers
v0x5584800eb210_0 .var "q", 0 0;
v0x5584800eb2e0_0 .net "rst", 0 0, v0x5584800ebfd0_0;  alias, 1 drivers
S_0x5584800eb430 .scope module, "x7" "dff" 3 11, 3 15 0, S_0x5584800cc270;
 .timescale 0 0;
    .port_info 0 /INPUT 1 "clk";
    .port_info 1 /INPUT 1 "rst";
    .port_info 2 /INPUT 1 "d";
    .port_info 3 /OUTPUT 1 "q";
v0x5584800eb630_0 .net "clk", 0 0, v0x5584800ebf30_0;  alias, 1 drivers
v0x5584800eb6f0_0 .net "d", 0 0, L_0x5584800ec5c0;  1 drivers
v0x5584800eb7b0_0 .var "q", 0 0;
v0x5584800eb880_0 .net "rst", 0 0, v0x5584800ebfd0_0;  alias, 1 drivers
    .scope S_0x5584800cc4a0;
T_0 ;
    %wait E_0x5584800d0ac0;
    %load/vec4 v0x5584800bf3a0_0;
    %pad/u 32;
    %cmpi/e 1, 0, 32;
    %jmp/0xz  T_0.0, 4;
    %pushi/vec4 1, 0, 1;
    %store/vec4 v0x5584800bcd90_0, 0, 1;
    %jmp T_0.1;
T_0.0 ;
    %load/vec4 v0x5584800bdc30_0;
    %store/vec4 v0x5584800bcd90_0, 0, 1;
T_0.1 ;
    %jmp T_0;
    .thread T_0;
    .scope S_0x5584800e9ab0;
T_1 ;
    %wait E_0x5584800d0ac0;
    %load/vec4 v0x5584800e9cb0_0;
    %pad/u 32;
    %cmpi/e 1, 0, 32;
    %jmp/0xz  T_1.0, 4;
    %pushi/vec4 1, 0, 1;
    %store/vec4 v0x558480093ba0_0, 0, 1;
    %jmp T_1.1;
T_1.0 ;
    %load/vec4 v0x5584800bd660_0;
    %store/vec4 v0x558480093ba0_0, 0, 1;
T_1.1 ;
    %jmp T_1;
    .thread T_1;
    .scope S_0x5584800e9e10;
T_2 ;
    %wait E_0x5584800d0ac0;
    %load/vec4 v0x5584800ea270_0;
    %pad/u 32;
    %cmpi/e 1, 0, 32;
    %jmp/0xz  T_2.0, 4;
    %pushi/vec4 1, 0, 1;
    %store/vec4 v0x5584800ea1d0_0, 0, 1;
    %jmp T_2.1;
T_2.0 ;
    %load/vec4 v0x5584800ea110_0;
    %store/vec4 v0x5584800ea1d0_0, 0, 1;
T_2.1 ;
    %jmp T_2;
    .thread T_2;
    .scope S_0x5584800ea3e0;
T_3 ;
    %wait E_0x5584800d0ac0;
    %load/vec4 v0x5584800ea810_0;
    %pad/u 32;
    %cmpi/e 1, 0, 32;
    %jmp/0xz  T_3.0, 4;
    %pushi/vec4 1, 0, 1;
    %store/vec4 v0x5584800ea740_0, 0, 1;
    %jmp T_3.1;
T_3.0 ;
    %load/vec4 v0x5584800ea680_0;
    %store/vec4 v0x5584800ea740_0, 0, 1;
T_3.1 ;
    %jmp T_3;
    .thread T_3;
    .scope S_0x5584800ea960;
T_4 ;
    %wait E_0x5584800d0ac0;
    %load/vec4 v0x5584800eadb0_0;
    %pad/u 32;
    %cmpi/e 1, 0, 32;
    %jmp/0xz  T_4.0, 4;
    %pushi/vec4 1, 0, 1;
    %store/vec4 v0x5584800ead10_0, 0, 1;
    %jmp T_4.1;
T_4.0 ;
    %load/vec4 v0x5584800eac50_0;
    %store/vec4 v0x5584800ead10_0, 0, 1;
T_4.1 ;
    %jmp T_4;
    .thread T_4;
    .scope S_0x5584800eaf00;
T_5 ;
    %wait E_0x5584800d0ac0;
    %load/vec4 v0x5584800eb2e0_0;
    %pad/u 32;
    %cmpi/e 1, 0, 32;
    %jmp/0xz  T_5.0, 4;
    %pushi/vec4 1, 0, 1;
    %store/vec4 v0x5584800eb210_0, 0, 1;
    %jmp T_5.1;
T_5.0 ;
    %load/vec4 v0x5584800eb150_0;
    %store/vec4 v0x5584800eb210_0, 0, 1;
T_5.1 ;
    %jmp T_5;
    .thread T_5;
    .scope S_0x5584800eb430;
T_6 ;
    %wait E_0x5584800d0ac0;
    %load/vec4 v0x5584800eb880_0;
    %pad/u 32;
    %cmpi/e 1, 0, 32;
    %jmp/0xz  T_6.0, 4;
    %pushi/vec4 1, 0, 1;
    %store/vec4 v0x5584800eb7b0_0, 0, 1;
    %jmp T_6.1;
T_6.0 ;
    %load/vec4 v0x5584800eb6f0_0;
    %store/vec4 v0x5584800eb7b0_0, 0, 1;
T_6.1 ;
    %jmp T_6;
    .thread T_6;
    .scope S_0x5584800c2800;
T_7 ;
    %delay 1, 0;
    %pushi/vec4 1, 0, 1;
    %store/vec4 v0x5584800ebfd0_0, 0, 1;
    %end;
    .thread T_7;
    .scope S_0x5584800c2800;
T_8 ;
    %pushi/vec4 0, 0, 1;
    %store/vec4 v0x5584800ebf30_0, 0, 1;
    %end;
    .thread T_8;
    .scope S_0x5584800c2800;
T_9 ;
    %delay 2, 0;
    %load/vec4 v0x5584800ebf30_0;
    %inv;
    %store/vec4 v0x5584800ebf30_0, 0, 1;
    %jmp T_9;
    .thread T_9;
    .scope S_0x5584800c2800;
T_10 ;
    %vpi_call 2 12 "$dumpfile", "prbs.vcd" {0 0 0};
    %vpi_call 2 13 "$dumpvars" {0 0 0};
    %delay 5, 0;
    %pushi/vec4 0, 0, 1;
    %store/vec4 v0x5584800ebfd0_0, 0, 1;
    %delay 5, 0;
    %pushi/vec4 1, 0, 1;
    %store/vec4 v0x5584800ebfd0_0, 0, 1;
    %end;
    .thread T_10;
# The file index is used to find the file name in the following table.
:file_names 4;
    "N/A";
    "<interactive>";
    "prbs_tb.v";
    "prbs.v";
