#! /usr/bin/vvp
:ivl_version "11.0 (stable)";
:ivl_delay_selection "TYPICAL";
:vpi_time_precision + 0;
:vpi_module "/usr/lib/x86_64-linux-gnu/ivl/system.vpi";
:vpi_module "/usr/lib/x86_64-linux-gnu/ivl/vhdl_sys.vpi";
:vpi_module "/usr/lib/x86_64-linux-gnu/ivl/vhdl_textio.vpi";
:vpi_module "/usr/lib/x86_64-linux-gnu/ivl/v2005_math.vpi";
:vpi_module "/usr/lib/x86_64-linux-gnu/ivl/va_math.vpi";
S_0x555623b6d370 .scope module, "parallel_adder_tb" "parallel_adder_tb" 2 1;
 .timescale 0 0;
v0x555623b98e10_0 .var "a", 3 0;
v0x555623b98ef0_0 .var "b", 3 0;
v0x555623b98fc0_0 .net "c", 4 1, L_0x555623b9afd0;  1 drivers
v0x555623b990c0_0 .var "cin", 0 0;
v0x555623b991b0_0 .net "s", 3 0, L_0x555623b9ada0;  1 drivers
S_0x555623b6e090 .scope module, "pa1" "parallel_adder" 2 6, 3 13 0, S_0x555623b6d370;
 .timescale 0 0;
    .port_info 0 /OUTPUT 4 "s";
    .port_info 1 /OUTPUT 4 "c";
    .port_info 2 /INPUT 1 "cin";
    .port_info 3 /INPUT 4 "a";
    .port_info 4 /INPUT 4 "b";
v0x555623b98940_0 .net "a", 3 0, v0x555623b98e10_0;  1 drivers
v0x555623b98a40_0 .net "b", 3 0, v0x555623b98ef0_0;  1 drivers
v0x555623b98b20_0 .net "c", 3 0, L_0x555623b9afd0;  alias, 1 drivers
v0x555623b98be0_0 .net "cin", 0 0, v0x555623b990c0_0;  1 drivers
v0x555623b98cb0_0 .net "s", 3 0, L_0x555623b9ada0;  alias, 1 drivers
L_0x555623b99770 .part v0x555623b98e10_0, 0, 1;
L_0x555623b99860 .part v0x555623b98ef0_0, 0, 1;
L_0x555623b99e30 .part v0x555623b98e10_0, 1, 1;
L_0x555623b99ed0 .part v0x555623b98ef0_0, 1, 1;
L_0x555623b99ff0 .part L_0x555623b9afd0, 0, 1;
L_0x555623b9a5a0 .part v0x555623b98e10_0, 2, 1;
L_0x555623b9a710 .part v0x555623b98ef0_0, 2, 1;
L_0x555623b9a840 .part L_0x555623b9afd0, 1, 1;
L_0x555623b9ada0 .concat8 [ 1 1 1 1], L_0x555623b99340, L_0x555623b99a10, L_0x555623b9a150, L_0x555623b9a9a0;
L_0x555623b9afd0 .concat8 [ 1 1 1 1], L_0x555623b99600, L_0x555623b99d10, L_0x555623b9a480, L_0x555623b9ac80;
L_0x555623b9b250 .part v0x555623b98e10_0, 3, 1;
L_0x555623b9b2f0 .part v0x555623b98ef0_0, 3, 1;
L_0x555623b9b400 .part L_0x555623b9afd0, 2, 1;
S_0x555623b6ace0 .scope module, "fa1" "fulladder" 3 18, 3 1 0, S_0x555623b6e090;
 .timescale 0 0;
    .port_info 0 /OUTPUT 1 "sum";
    .port_info 1 /OUTPUT 1 "cout";
    .port_info 2 /INPUT 1 "a";
    .port_info 3 /INPUT 1 "b";
    .port_info 4 /INPUT 1 "c";
L_0x555623b992a0 .functor XOR 1, L_0x555623b99770, v0x555623b990c0_0, C4<0>, C4<0>;
L_0x555623b99340 .functor XOR 1, L_0x555623b992a0, v0x555623b990c0_0, C4<0>, C4<0>;
L_0x555623b994c0 .functor AND 1, L_0x555623b99770, v0x555623b990c0_0, C4<1>, C4<1>;
L_0x555623b99530 .functor AND 1, L_0x555623b99860, v0x555623b990c0_0, C4<1>, C4<1>;
o0x7f827f2f5198 .functor BUFZ 1, C4<z>; HiZ drive
L_0x555623b99600 .functor OR 1, L_0x555623b994c0, L_0x555623b99530, o0x7f827f2f5198, C4<0>;
v0x555623b6d610_0 .net "a", 0 0, L_0x555623b99770;  1 drivers
v0x555623b6a4a0_0 .net "b", 0 0, L_0x555623b99860;  1 drivers
v0x555623b6d280_0 .net "c", 0 0, v0x555623b990c0_0;  alias, 1 drivers
v0x555623b6b880_0 .net "cout", 0 0, L_0x555623b99600;  1 drivers
v0x555623b6a1f0_0 .net "sum", 0 0, L_0x555623b99340;  1 drivers
v0x555623b96880_0 .net "y1", 0 0, L_0x555623b992a0;  1 drivers
v0x555623b96940_0 .net "y2", 0 0, L_0x555623b994c0;  1 drivers
v0x555623b96a00_0 .net "y3", 0 0, L_0x555623b99530;  1 drivers
v0x555623b96ac0_0 .net "y4", 0 0, o0x7f827f2f5198;  0 drivers
S_0x555623b96c20 .scope module, "fa2" "fulladder" 3 19, 3 1 0, S_0x555623b6e090;
 .timescale 0 0;
    .port_info 0 /OUTPUT 1 "sum";
    .port_info 1 /OUTPUT 1 "cout";
    .port_info 2 /INPUT 1 "a";
    .port_info 3 /INPUT 1 "b";
    .port_info 4 /INPUT 1 "c";
L_0x555623b999a0 .functor XOR 1, L_0x555623b99e30, L_0x555623b99ff0, C4<0>, C4<0>;
L_0x555623b99a10 .functor XOR 1, L_0x555623b999a0, L_0x555623b99ff0, C4<0>, C4<0>;
L_0x555623b99b20 .functor AND 1, L_0x555623b99e30, L_0x555623b99ff0, C4<1>, C4<1>;
L_0x555623b99be0 .functor AND 1, L_0x555623b99ed0, L_0x555623b99ff0, C4<1>, C4<1>;
o0x7f827f2f5438 .functor BUFZ 1, C4<z>; HiZ drive
L_0x555623b99d10 .functor OR 1, L_0x555623b99b20, L_0x555623b99be0, o0x7f827f2f5438, C4<0>;
v0x555623b96dd0_0 .net "a", 0 0, L_0x555623b99e30;  1 drivers
v0x555623b96e90_0 .net "b", 0 0, L_0x555623b99ed0;  1 drivers
v0x555623b96f50_0 .net "c", 0 0, L_0x555623b99ff0;  1 drivers
v0x555623b96ff0_0 .net "cout", 0 0, L_0x555623b99d10;  1 drivers
v0x555623b970b0_0 .net "sum", 0 0, L_0x555623b99a10;  1 drivers
v0x555623b971c0_0 .net "y1", 0 0, L_0x555623b999a0;  1 drivers
v0x555623b97280_0 .net "y2", 0 0, L_0x555623b99b20;  1 drivers
v0x555623b97340_0 .net "y3", 0 0, L_0x555623b99be0;  1 drivers
v0x555623b97400_0 .net "y4", 0 0, o0x7f827f2f5438;  0 drivers
S_0x555623b97560 .scope module, "fa3" "fulladder" 3 20, 3 1 0, S_0x555623b6e090;
 .timescale 0 0;
    .port_info 0 /OUTPUT 1 "sum";
    .port_info 1 /OUTPUT 1 "cout";
    .port_info 2 /INPUT 1 "a";
    .port_info 3 /INPUT 1 "b";
    .port_info 4 /INPUT 1 "c";
L_0x555623b9a0e0 .functor XOR 1, L_0x555623b9a5a0, L_0x555623b9a840, C4<0>, C4<0>;
L_0x555623b9a150 .functor XOR 1, L_0x555623b9a0e0, L_0x555623b9a840, C4<0>, C4<0>;
L_0x555623b9a290 .functor AND 1, L_0x555623b9a5a0, L_0x555623b9a840, C4<1>, C4<1>;
L_0x555623b9a350 .functor AND 1, L_0x555623b9a710, L_0x555623b9a840, C4<1>, C4<1>;
o0x7f827f2f56d8 .functor BUFZ 1, C4<z>; HiZ drive
L_0x555623b9a480 .functor OR 1, L_0x555623b9a290, L_0x555623b9a350, o0x7f827f2f56d8, C4<0>;
v0x555623b976f0_0 .net "a", 0 0, L_0x555623b9a5a0;  1 drivers
v0x555623b977b0_0 .net "b", 0 0, L_0x555623b9a710;  1 drivers
v0x555623b97870_0 .net "c", 0 0, L_0x555623b9a840;  1 drivers
v0x555623b97940_0 .net "cout", 0 0, L_0x555623b9a480;  1 drivers
v0x555623b97a00_0 .net "sum", 0 0, L_0x555623b9a150;  1 drivers
v0x555623b97b10_0 .net "y1", 0 0, L_0x555623b9a0e0;  1 drivers
v0x555623b97bd0_0 .net "y2", 0 0, L_0x555623b9a290;  1 drivers
v0x555623b97c90_0 .net "y3", 0 0, L_0x555623b9a350;  1 drivers
v0x555623b97d50_0 .net "y4", 0 0, o0x7f827f2f56d8;  0 drivers
S_0x555623b97f40 .scope module, "fa4" "fulladder" 3 21, 3 1 0, S_0x555623b6e090;
 .timescale 0 0;
    .port_info 0 /OUTPUT 1 "sum";
    .port_info 1 /OUTPUT 1 "cout";
    .port_info 2 /INPUT 1 "a";
    .port_info 3 /INPUT 1 "b";
    .port_info 4 /INPUT 1 "c";
L_0x555623b9a930 .functor XOR 1, L_0x555623b9b250, L_0x555623b9b400, C4<0>, C4<0>;
L_0x555623b9a9a0 .functor XOR 1, L_0x555623b9a930, L_0x555623b9b400, C4<0>, C4<0>;
L_0x555623b9aa90 .functor AND 1, L_0x555623b9b250, L_0x555623b9b400, C4<1>, C4<1>;
L_0x555623b9ab50 .functor AND 1, L_0x555623b9b2f0, L_0x555623b9b400, C4<1>, C4<1>;
o0x7f827f2f5978 .functor BUFZ 1, C4<z>; HiZ drive
L_0x555623b9ac80 .functor OR 1, L_0x555623b9aa90, L_0x555623b9ab50, o0x7f827f2f5978, C4<0>;
v0x555623b980d0_0 .net "a", 0 0, L_0x555623b9b250;  1 drivers
v0x555623b981b0_0 .net "b", 0 0, L_0x555623b9b2f0;  1 drivers
v0x555623b98270_0 .net "c", 0 0, L_0x555623b9b400;  1 drivers
v0x555623b98340_0 .net "cout", 0 0, L_0x555623b9ac80;  1 drivers
v0x555623b98400_0 .net "sum", 0 0, L_0x555623b9a9a0;  1 drivers
v0x555623b98510_0 .net "y1", 0 0, L_0x555623b9a930;  1 drivers
v0x555623b985d0_0 .net "y2", 0 0, L_0x555623b9aa90;  1 drivers
v0x555623b98690_0 .net "y3", 0 0, L_0x555623b9ab50;  1 drivers
v0x555623b98750_0 .net "y4", 0 0, o0x7f827f2f5978;  0 drivers
    .scope S_0x555623b6d370;
T_0 ;
    %vpi_call 2 9 "$dumpfile", "adder.vcd" {0 0 0};
    %vpi_call 2 10 "$dumpvars" {0 0 0};
    %delay 2, 0;
    %pushi/vec4 7, 0, 4;
    %store/vec4 v0x555623b98e10_0, 0, 4;
    %delay 2, 0;
    %pushi/vec4 5, 0, 4;
    %store/vec4 v0x555623b98ef0_0, 0, 4;
    %delay 2, 0;
    %pushi/vec4 0, 0, 1;
    %store/vec4 v0x555623b990c0_0, 0, 1;
    %delay 100, 0;
    %vpi_call 2 14 "$finish" {0 0 0};
    %end;
    .thread T_0;
# The file index is used to find the file name in the following table.
:file_names 4;
    "N/A";
    "<interactive>";
    "adder_tb.v";
    "adder.v";
