#! /usr/bin/vvp
:ivl_version "11.0 (stable)";
:ivl_delay_selection "TYPICAL";
:vpi_time_precision + 0;
:vpi_module "/usr/lib/x86_64-linux-gnu/ivl/system.vpi";
:vpi_module "/usr/lib/x86_64-linux-gnu/ivl/vhdl_sys.vpi";
:vpi_module "/usr/lib/x86_64-linux-gnu/ivl/vhdl_textio.vpi";
:vpi_module "/usr/lib/x86_64-linux-gnu/ivl/v2005_math.vpi";
:vpi_module "/usr/lib/x86_64-linux-gnu/ivl/va_math.vpi";
S_0x556c8c5bcdc0 .scope module, "Greatest_Common_Divisor_tb" "Greatest_Common_Divisor_tb" 2 1;
 .timescale 0 0;
P_0x556c8c5bcf50 .param/l "W" 0 2 3, +C4<00000000000000000000000000000111>;
v0x556c8c60c330_0 .var "A", 6 0;
v0x556c8c60c3f0_0 .var "B", 6 0;
v0x556c8c60c490_0 .net "GCD", 6 0, v0x556c8c60c180_0;  1 drivers
v0x556c8c60c590_0 .var/i "i", 31 0;
S_0x556c8c5bcff0 .scope module, "dut" "Greatest_Common_Divisor" 2 9, 3 1 0, S_0x556c8c5bcdc0;
 .timescale 0 0;
    .port_info 0 /INPUT 7 "A";
    .port_info 1 /INPUT 7 "B";
    .port_info 2 /OUTPUT 7 "GCD";
P_0x556c8c5bd4f0 .param/l "W" 0 3 3, +C4<00000000000000000000000000000111>;
v0x556c8c5f84f0_0 .net "A", 6 0, v0x556c8c60c330_0;  1 drivers
v0x556c8c60bf00_0 .var "Ain", 6 0;
v0x556c8c60bfe0_0 .net "B", 6 0, v0x556c8c60c3f0_0;  1 drivers
v0x556c8c60c0a0_0 .var "Bin", 6 0;
v0x556c8c60c180_0 .var "GCD", 6 0;
E_0x556c8c5f9bf0 .event edge, v0x556c8c60bfe0_0, v0x556c8c5f84f0_0;
    .scope S_0x556c8c5bcff0;
T_0 ;
    %wait E_0x556c8c5f9bf0;
    %load/vec4 v0x556c8c5f84f0_0;
    %store/vec4 v0x556c8c60bf00_0, 0, 7;
    %load/vec4 v0x556c8c60bfe0_0;
    %store/vec4 v0x556c8c60c0a0_0, 0, 7;
T_0.0 ;
    %load/vec4 v0x556c8c60bf00_0;
    %load/vec4 v0x556c8c60c0a0_0;
    %cmp/ne;
    %jmp/0xz T_0.1, 4;
    %load/vec4 v0x556c8c60bf00_0;
    %load/vec4 v0x556c8c60c0a0_0;
    %cmp/u;
    %jmp/0xz  T_0.2, 5;
    %load/vec4 v0x556c8c60c0a0_0;
    %load/vec4 v0x556c8c60bf00_0;
    %sub;
    %store/vec4 v0x556c8c60c0a0_0, 0, 7;
    %jmp T_0.3;
T_0.2 ;
    %load/vec4 v0x556c8c60bf00_0;
    %load/vec4 v0x556c8c60c0a0_0;
    %sub;
    %store/vec4 v0x556c8c60bf00_0, 0, 7;
T_0.3 ;
    %jmp T_0.0;
T_0.1 ;
    %load/vec4 v0x556c8c60bf00_0;
    %store/vec4 v0x556c8c60c180_0, 0, 7;
    %jmp T_0;
    .thread T_0, $push;
    .scope S_0x556c8c5bcdc0;
T_1 ;
    %pushi/vec4 0, 0, 14;
    %split/vec4 7;
    %store/vec4 v0x556c8c60c3f0_0, 0, 7;
    %store/vec4 v0x556c8c60c330_0, 0, 7;
    %delay 10, 0;
    %pushi/vec4 0, 0, 32;
    %store/vec4 v0x556c8c60c590_0, 0, 32;
T_1.0 ;
    %load/vec4 v0x556c8c60c590_0;
    %cmpi/s 30, 0, 32;
    %jmp/0xz T_1.1, 5;
    %vpi_func 2 17 "$random" 32 {0 0 0};
    %pad/s 7;
    %store/vec4 v0x556c8c60c330_0, 0, 7;
    %vpi_func 2 18 "$random" 32 {0 0 0};
    %pad/s 7;
    %store/vec4 v0x556c8c60c3f0_0, 0, 7;
    %delay 10, 0;
    %load/vec4 v0x556c8c60c590_0;
    %addi 1, 0, 32;
    %store/vec4 v0x556c8c60c590_0, 0, 32;
    %jmp T_1.0;
T_1.1 ;
    %end;
    .thread T_1;
    .scope S_0x556c8c5bcdc0;
T_2 ;
    %vpi_call 2 25 "$monitor", "A= %d, B=%d, GCD=%d", v0x556c8c60c330_0, v0x556c8c60c3f0_0, v0x556c8c60c490_0 {0 0 0};
    %delay 200, 0;
    %vpi_call 2 26 "$finish" {0 0 0};
    %end;
    .thread T_2;
# The file index is used to find the file name in the following table.
:file_names 4;
    "N/A";
    "<interactive>";
    "gcd_tb.v";
    "gcd.v";
