#! /usr/bin/vvp
:ivl_version "11.0 (stable)";
:ivl_delay_selection "TYPICAL";
:vpi_time_precision + 0;
:vpi_module "/usr/lib/x86_64-linux-gnu/ivl/system.vpi";
:vpi_module "/usr/lib/x86_64-linux-gnu/ivl/vhdl_sys.vpi";
:vpi_module "/usr/lib/x86_64-linux-gnu/ivl/vhdl_textio.vpi";
:vpi_module "/usr/lib/x86_64-linux-gnu/ivl/v2005_math.vpi";
:vpi_module "/usr/lib/x86_64-linux-gnu/ivl/va_math.vpi";
S_0x55a9478af4a0 .scope module, "master_slave_tb" "master_slave_tb" 2 1;
 .timescale 0 0;
v0x55a9478c6220_0 .var "clk", 0 0;
v0x55a9478c6310_0 .net "qn", 0 0, v0x55a9478c5960_0;  1 drivers
v0x55a9478c6400_0 .net "qn_bar", 0 0, L_0x55a9478c6890;  1 drivers
v0x55a9478c64f0_0 .var "r", 0 0;
v0x55a9478c65e0_0 .var "s", 0 0;
S_0x55a9478af630 .scope module, "uut" "master_slave" 2 7, 3 18 0, S_0x55a9478af4a0;
 .timescale 0 0;
    .port_info 0 /INPUT 1 "s";
    .port_info 1 /INPUT 1 "r";
    .port_info 2 /INPUT 1 "clk";
    .port_info 3 /OUTPUT 1 "qn";
    .port_info 4 /OUTPUT 1 "qn_bar";
    .port_info 5 /NODIR 0 "";
L_0x55a9478c6720 .functor NOT 1, v0x55a9478c6220_0, C4<0>, C4<0>, C4<0>;
v0x55a9478c5b50_0 .net "clk", 0 0, v0x55a9478c6220_0;  1 drivers
v0x55a9478c5c10_0 .net "mclk", 0 0, L_0x55a9478c6720;  1 drivers
v0x55a9478c5ce0_0 .net "mq", 0 0, v0x55a9478c5230_0;  1 drivers
v0x55a9478c5e00_0 .net "mq_bar", 0 0, L_0x55a9478c67e0;  1 drivers
v0x55a9478c5ef0_0 .net "qn", 0 0, v0x55a9478c5960_0;  alias, 1 drivers
v0x55a9478c5fe0_0 .net "qn_bar", 0 0, L_0x55a9478c6890;  alias, 1 drivers
v0x55a9478c6080_0 .net "r", 0 0, v0x55a9478c64f0_0;  1 drivers
v0x55a9478c6120_0 .net "s", 0 0, v0x55a9478c65e0_0;  1 drivers
S_0x55a947870cf0 .scope module, "Master" "jk_ff" 3 27, 3 1 0, S_0x55a9478af630;
 .timescale 0 0;
    .port_info 0 /INPUT 1 "j";
    .port_info 1 /INPUT 1 "k";
    .port_info 2 /INPUT 1 "clk";
    .port_info 3 /OUTPUT 1 "q";
    .port_info 4 /OUTPUT 1 "q_bar";
L_0x55a9478c67e0 .functor NOT 1, v0x55a9478c5230_0, C4<0>, C4<0>, C4<0>;
v0x55a947870ed0_0 .net "clk", 0 0, v0x55a9478c6220_0;  alias, 1 drivers
v0x55a9478c50d0_0 .net "j", 0 0, v0x55a9478c65e0_0;  alias, 1 drivers
v0x55a9478c5190_0 .net "k", 0 0, v0x55a9478c64f0_0;  alias, 1 drivers
v0x55a9478c5230_0 .var "q", 0 0;
v0x55a9478c52f0_0 .net "q_bar", 0 0, L_0x55a9478c67e0;  alias, 1 drivers
E_0x55a9478ade20 .event posedge, v0x55a947870ed0_0;
S_0x55a9478c54a0 .scope module, "Slave" "jk_ff" 3 28, 3 1 0, S_0x55a9478af630;
 .timescale 0 0;
    .port_info 0 /INPUT 1 "j";
    .port_info 1 /INPUT 1 "k";
    .port_info 2 /INPUT 1 "clk";
    .port_info 3 /OUTPUT 1 "q";
    .port_info 4 /OUTPUT 1 "q_bar";
L_0x55a9478c6890 .functor NOT 1, v0x55a9478c5960_0, C4<0>, C4<0>, C4<0>;
v0x55a9478c56c0_0 .net "clk", 0 0, L_0x55a9478c6720;  alias, 1 drivers
v0x55a9478c57a0_0 .net "j", 0 0, v0x55a9478c5230_0;  alias, 1 drivers
v0x55a9478c5860_0 .net "k", 0 0, L_0x55a9478c67e0;  alias, 1 drivers
v0x55a9478c5960_0 .var "q", 0 0;
v0x55a9478c5a00_0 .net "q_bar", 0 0, L_0x55a9478c6890;  alias, 1 drivers
E_0x55a9478adf80 .event posedge, v0x55a9478c56c0_0;
    .scope S_0x55a947870cf0;
T_0 ;
    %wait E_0x55a9478ade20;
    %load/vec4 v0x55a9478c50d0_0;
    %load/vec4 v0x55a9478c5190_0;
    %concat/vec4; draw_concat_vec4
    %dup/vec4;
    %pushi/vec4 0, 0, 2;
    %cmp/u;
    %jmp/1 T_0.0, 6;
    %dup/vec4;
    %pushi/vec4 1, 0, 2;
    %cmp/u;
    %jmp/1 T_0.1, 6;
    %dup/vec4;
    %pushi/vec4 2, 0, 2;
    %cmp/u;
    %jmp/1 T_0.2, 6;
    %dup/vec4;
    %pushi/vec4 3, 0, 2;
    %cmp/u;
    %jmp/1 T_0.3, 6;
    %jmp T_0.4;
T_0.0 ;
    %load/vec4 v0x55a9478c5230_0;
    %assign/vec4 v0x55a9478c5230_0, 0;
    %jmp T_0.4;
T_0.1 ;
    %pushi/vec4 0, 0, 1;
    %assign/vec4 v0x55a9478c5230_0, 0;
    %jmp T_0.4;
T_0.2 ;
    %pushi/vec4 1, 0, 1;
    %assign/vec4 v0x55a9478c5230_0, 0;
    %jmp T_0.4;
T_0.3 ;
    %load/vec4 v0x55a9478c5230_0;
    %inv;
    %assign/vec4 v0x55a9478c5230_0, 0;
    %jmp T_0.4;
T_0.4 ;
    %pop/vec4 1;
    %jmp T_0;
    .thread T_0;
    .scope S_0x55a9478c54a0;
T_1 ;
    %wait E_0x55a9478adf80;
    %load/vec4 v0x55a9478c57a0_0;
    %load/vec4 v0x55a9478c5860_0;
    %concat/vec4; draw_concat_vec4
    %dup/vec4;
    %pushi/vec4 0, 0, 2;
    %cmp/u;
    %jmp/1 T_1.0, 6;
    %dup/vec4;
    %pushi/vec4 1, 0, 2;
    %cmp/u;
    %jmp/1 T_1.1, 6;
    %dup/vec4;
    %pushi/vec4 2, 0, 2;
    %cmp/u;
    %jmp/1 T_1.2, 6;
    %dup/vec4;
    %pushi/vec4 3, 0, 2;
    %cmp/u;
    %jmp/1 T_1.3, 6;
    %jmp T_1.4;
T_1.0 ;
    %load/vec4 v0x55a9478c5960_0;
    %assign/vec4 v0x55a9478c5960_0, 0;
    %jmp T_1.4;
T_1.1 ;
    %pushi/vec4 0, 0, 1;
    %assign/vec4 v0x55a9478c5960_0, 0;
    %jmp T_1.4;
T_1.2 ;
    %pushi/vec4 1, 0, 1;
    %assign/vec4 v0x55a9478c5960_0, 0;
    %jmp T_1.4;
T_1.3 ;
    %load/vec4 v0x55a9478c5960_0;
    %inv;
    %assign/vec4 v0x55a9478c5960_0, 0;
    %jmp T_1.4;
T_1.4 ;
    %pop/vec4 1;
    %jmp T_1;
    .thread T_1;
    .scope S_0x55a9478af4a0;
T_2 ;
    %pushi/vec4 0, 0, 1;
    %store/vec4 v0x55a9478c6220_0, 0, 1;
    %delay 10, 0;
    %pushi/vec4 0, 0, 1;
    %store/vec4 v0x55a9478c65e0_0, 0, 1;
    %pushi/vec4 0, 0, 1;
    %store/vec4 v0x55a9478c64f0_0, 0, 1;
    %delay 10, 0;
    %pushi/vec4 0, 0, 1;
    %store/vec4 v0x55a9478c65e0_0, 0, 1;
    %pushi/vec4 1, 0, 1;
    %store/vec4 v0x55a9478c64f0_0, 0, 1;
    %delay 10, 0;
    %pushi/vec4 1, 0, 1;
    %store/vec4 v0x55a9478c65e0_0, 0, 1;
    %pushi/vec4 0, 0, 1;
    %store/vec4 v0x55a9478c64f0_0, 0, 1;
    %delay 10, 0;
    %pushi/vec4 1, 0, 1;
    %store/vec4 v0x55a9478c65e0_0, 0, 1;
    %pushi/vec4 1, 0, 1;
    %store/vec4 v0x55a9478c64f0_0, 0, 1;
    %delay 10, 0;
    %pushi/vec4 0, 0, 1;
    %store/vec4 v0x55a9478c65e0_0, 0, 1;
    %pushi/vec4 0, 0, 1;
    %store/vec4 v0x55a9478c64f0_0, 0, 1;
    %delay 10, 0;
    %pushi/vec4 0, 0, 1;
    %store/vec4 v0x55a9478c65e0_0, 0, 1;
    %pushi/vec4 1, 0, 1;
    %store/vec4 v0x55a9478c64f0_0, 0, 1;
    %end;
    .thread T_2;
    .scope S_0x55a9478af4a0;
T_3 ;
    %delay 5, 0;
    %load/vec4 v0x55a9478c6220_0;
    %inv;
    %store/vec4 v0x55a9478c6220_0, 0, 1;
    %jmp T_3;
    .thread T_3;
    .scope S_0x55a9478af4a0;
T_4 ;
    %vpi_call 2 26 "$dumpfile", "mas_slave.vcd" {0 0 0};
    %vpi_call 2 27 "$dumpvars" {0 0 0};
    %vpi_call 2 28 "$monitor", "S=%b, R=%b, Q=%b, Q_bar=%b", v0x55a9478c65e0_0, v0x55a9478c64f0_0, v0x55a9478c6310_0, v0x55a9478c6400_0 {0 0 0};
    %delay 200, 0;
    %vpi_call 2 29 "$finish" {0 0 0};
    %end;
    .thread T_4;
# The file index is used to find the file name in the following table.
:file_names 4;
    "N/A";
    "<interactive>";
    "jk_ms_tb.v";
    "jk_ms.v";
