#! /usr/bin/vvp
:ivl_version "11.0 (stable)";
:ivl_delay_selection "TYPICAL";
:vpi_time_precision + 0;
:vpi_module "/usr/lib/x86_64-linux-gnu/ivl/system.vpi";
:vpi_module "/usr/lib/x86_64-linux-gnu/ivl/vhdl_sys.vpi";
:vpi_module "/usr/lib/x86_64-linux-gnu/ivl/vhdl_textio.vpi";
:vpi_module "/usr/lib/x86_64-linux-gnu/ivl/v2005_math.vpi";
:vpi_module "/usr/lib/x86_64-linux-gnu/ivl/va_math.vpi";
S_0x560e094216b0 .scope module, "axi_stream_tb" "axi_stream_tb" 2 2;
 .timescale 0 0;
P_0x560e09420670 .param/l "depth" 0 2 3, +C4<00000000000000000000000000000011>;
P_0x560e094206b0 .param/l "width" 0 2 3, +C4<00000000000000000000000000100000>;
v0x560e09445360_0 .var "mas_data", 31 0;
v0x560e09445400_0 .var "mas_last", 0 0;
v0x560e094454c0_0 .net "mas_ready", 0 0, L_0x560e09445c70;  1 drivers
v0x560e09445560_0 .var "mas_valid", 0 0;
v0x560e09445600_0 .var "rclk", 0 0;
v0x560e094456f0_0 .var "rrst_n", 0 0;
v0x560e09445790_0 .net "sla_data", 31 0, L_0x560e093f1740;  1 drivers
v0x560e09445830_0 .net "sla_last", 0 0, L_0x560e09400960;  1 drivers
v0x560e094458d0_0 .var "sla_ready", 0 0;
v0x560e09445a00_0 .net "sla_valid", 0 0, L_0x560e09445da0;  1 drivers
v0x560e09445aa0_0 .var "wclk", 0 0;
v0x560e09445b40_0 .var "wrst_n", 0 0;
S_0x560e09420080 .scope module, "dut1" "axi_stream" 2 18, 3 2 0, S_0x560e094216b0;
 .timescale 0 0;
    .port_info 0 /INPUT 1 "rclk";
    .port_info 1 /INPUT 1 "wclk";
    .port_info 2 /INPUT 1 "rrst_n";
    .port_info 3 /INPUT 1 "wrst_n";
    .port_info 4 /INPUT 1 "mas_valid";
    .port_info 5 /OUTPUT 1 "mas_ready";
    .port_info 6 /INPUT 32 "mas_data";
    .port_info 7 /INPUT 1 "mas_last";
    .port_info 8 /INPUT 1 "sla_ready";
    .port_info 9 /OUTPUT 1 "sla_valid";
    .port_info 10 /OUTPUT 32 "sla_data";
    .port_info 11 /OUTPUT 1 "sla_last";
P_0x560e09420860 .param/l "depth" 0 3 2, +C4<00000000000000000000000000000011>;
P_0x560e094208a0 .param/l "width" 0 3 2, +C4<00000000000000000000000000100000>;
L_0x560e093f1740 .functor BUFZ 32, L_0x560e093f1f60, C4<00000000000000000000000000000000>, C4<00000000000000000000000000000000>, C4<00000000000000000000000000000000>;
L_0x560e0941cbc0 .functor AND 1, L_0x560e09445da0, v0x560e09440140_0, C4<1>, C4<1>;
L_0x560e09400960 .functor AND 1, L_0x560e0941cbc0, v0x560e094458d0_0, C4<1>, C4<1>;
L_0x560e09447ab0 .functor AND 1, v0x560e09445560_0, L_0x560e09445c70, C4<1>, C4<1>;
L_0x560e09447bb0 .functor AND 1, L_0x560e09445da0, v0x560e094458d0_0, C4<1>, C4<1>;
v0x560e09443f10_0 .net *"_ivl_7", 0 0, L_0x560e0941cbc0;  1 drivers
v0x560e09443ff0_0 .net "datafrom_fifo", 31 0, L_0x560e093f1f60;  1 drivers
v0x560e09444100_0 .net "empty", 0 0, v0x560e09440140_0;  1 drivers
v0x560e094441f0_0 .net "full", 0 0, v0x560e09442910_0;  1 drivers
v0x560e09444290_0 .net "mas_data", 31 0, v0x560e09445360_0;  1 drivers
v0x560e094443d0_0 .net "mas_last", 0 0, v0x560e09445400_0;  1 drivers
v0x560e09444490_0 .net "mas_ready", 0 0, L_0x560e09445c70;  alias, 1 drivers
v0x560e09444550_0 .net "mas_valid", 0 0, v0x560e09445560_0;  1 drivers
v0x560e09444610_0 .net "rclk", 0 0, v0x560e09445600_0;  1 drivers
v0x560e09444760_0 .net "rrst_n", 0 0, v0x560e094456f0_0;  1 drivers
o0x7f83008b8558 .functor BUFZ 1, C4<z>; HiZ drive
v0x560e09444800_0 .net "s_rclk", 0 0, o0x7f83008b8558;  0 drivers
v0x560e094448a0_0 .net "sla_data", 31 0, L_0x560e093f1740;  alias, 1 drivers
v0x560e09444980_0 .net "sla_last", 0 0, L_0x560e09400960;  alias, 1 drivers
v0x560e09444a40_0 .net "sla_ready", 0 0, v0x560e094458d0_0;  1 drivers
v0x560e09444b00_0 .net "sla_valid", 0 0, L_0x560e09445da0;  alias, 1 drivers
v0x560e09444bc0_0 .net "wclk", 0 0, v0x560e09445aa0_0;  1 drivers
v0x560e09444cf0_0 .net "wrst_n", 0 0, v0x560e09445b40_0;  1 drivers
L_0x560e09445c70 .reduce/nor v0x560e09442910_0;
L_0x560e09445da0 .reduce/nor v0x560e09440140_0;
S_0x560e09402b30 .scope module, "uut" "fifo1" 3 30, 4 1 0, S_0x560e09420080;
 .timescale 0 0;
    .port_info 0 /OUTPUT 32 "rdata";
    .port_info 1 /OUTPUT 1 "wfull";
    .port_info 2 /OUTPUT 1 "rempty";
    .port_info 3 /INPUT 32 "wdata";
    .port_info 4 /INPUT 1 "winc";
    .port_info 5 /INPUT 1 "wclk";
    .port_info 6 /INPUT 1 "wrst_n";
    .port_info 7 /INPUT 1 "rinc";
    .port_info 8 /INPUT 1 "rclk";
    .port_info 9 /INPUT 1 "rrst_n";
P_0x560e09402d10 .param/l "ASIZE" 0 4 2, +C4<00000000000000000000000000000011>;
P_0x560e09402d50 .param/l "DSIZE" 0 4 1, +C4<00000000000000000000000000100000>;
v0x560e09442f50_0 .net "raddr", 2 0, L_0x560e09446190;  1 drivers
v0x560e09443080_0 .net "rclk", 0 0, o0x7f83008b8558;  alias, 0 drivers
v0x560e09443190_0 .net "rdata", 31 0, L_0x560e093f1f60;  alias, 1 drivers
v0x560e09443230_0 .net "rempty", 0 0, v0x560e09440140_0;  alias, 1 drivers
v0x560e09443300_0 .net "rinc", 0 0, L_0x560e09447bb0;  1 drivers
v0x560e094433f0_0 .net "rptr", 3 0, v0x560e09440460_0;  1 drivers
v0x560e094434e0_0 .net "rq2_wptr", 3 0, v0x560e094413a0_0;  1 drivers
v0x560e094435d0_0 .net "rrst_n", 0 0, v0x560e094456f0_0;  alias, 1 drivers
v0x560e094436c0_0 .net "waddr", 2 0, L_0x560e09446c00;  1 drivers
v0x560e09443760_0 .net "wclk", 0 0, v0x560e09445aa0_0;  alias, 1 drivers
v0x560e09443800_0 .net "wdata", 31 0, v0x560e09445360_0;  alias, 1 drivers
v0x560e094438a0_0 .net "wfull", 0 0, v0x560e09442910_0;  alias, 1 drivers
v0x560e09443990_0 .net "winc", 0 0, L_0x560e09447ab0;  1 drivers
v0x560e09443a80_0 .net "wptr", 3 0, v0x560e09442c00_0;  1 drivers
v0x560e09443b70_0 .net "wq2_rptr", 3 0, v0x560e09440cf0_0;  1 drivers
v0x560e09443c80_0 .net "wrst_n", 0 0, v0x560e09445b40_0;  alias, 1 drivers
S_0x560e09408400 .scope module, "fifomem" "fifomem" 4 15, 5 2 0, S_0x560e09402b30;
 .timescale 0 0;
    .port_info 0 /OUTPUT 32 "rdata";
    .port_info 1 /INPUT 32 "wdata";
    .port_info 2 /INPUT 3 "waddr";
    .port_info 3 /INPUT 3 "raddr";
    .port_info 4 /INPUT 1 "wclken";
    .port_info 5 /INPUT 1 "wfull";
    .port_info 6 /INPUT 1 "wclk";
P_0x560e094085e0 .param/l "ADDRSIZE" 0 5 3, +C4<00000000000000000000000000000011>;
P_0x560e09408620 .param/l "DATASIZE" 0 5 2, +C4<00000000000000000000000000100000>;
P_0x560e09408660 .param/l "DEPTH" 1 5 9, +C4<00000000000000000000000000000001000>;
L_0x560e093f1f60 .functor BUFZ 32, L_0x560e09445f20, C4<00000000000000000000000000000000>, C4<00000000000000000000000000000000>, C4<00000000000000000000000000000000>;
v0x560e09421fd0_0 .net *"_ivl_0", 31 0, L_0x560e09445f20;  1 drivers
v0x560e09422530_0 .net *"_ivl_2", 4 0, L_0x560e09445fc0;  1 drivers
L_0x7f830086f018 .functor BUFT 1, C4<00>, C4<0>, C4<0>, C4<0>;
v0x560e09422600_0 .net *"_ivl_5", 1 0, L_0x7f830086f018;  1 drivers
v0x560e093ec370 .array "mem", 7 0, 31 0;
v0x560e093ec2d0_0 .net "raddr", 2 0, L_0x560e09446190;  alias, 1 drivers
v0x560e0941cce0_0 .net "rdata", 31 0, L_0x560e093f1f60;  alias, 1 drivers
v0x560e0941cdb0_0 .net "waddr", 2 0, L_0x560e09446c00;  alias, 1 drivers
v0x560e0943ee40_0 .net "wclk", 0 0, v0x560e09445aa0_0;  alias, 1 drivers
v0x560e0943ef00_0 .net "wclken", 0 0, L_0x560e09447ab0;  alias, 1 drivers
v0x560e0943efc0_0 .net "wdata", 31 0, v0x560e09445360_0;  alias, 1 drivers
v0x560e0943f0a0_0 .net "wfull", 0 0, v0x560e09442910_0;  alias, 1 drivers
E_0x560e094001b0 .event posedge, v0x560e0943ee40_0;
L_0x560e09445f20 .array/port v0x560e093ec370, L_0x560e09445fc0;
L_0x560e09445fc0 .concat [ 3 2 0 0], L_0x560e09446190, L_0x7f830086f018;
S_0x560e0943f240 .scope module, "rptr_empty" "rptr_empty" 4 20, 6 1 0, S_0x560e09402b30;
 .timescale 0 0;
    .port_info 0 /OUTPUT 1 "rempty";
    .port_info 1 /OUTPUT 3 "raddr";
    .port_info 2 /OUTPUT 4 "rptr";
    .port_info 3 /INPUT 4 "rq2_wptr";
    .port_info 4 /INPUT 1 "rinc";
    .port_info 5 /INPUT 1 "rclk";
    .port_info 6 /INPUT 1 "rrst_n";
P_0x560e0943f3f0 .param/l "ADDRSIZE" 0 6 1, +C4<00000000000000000000000000000011>;
L_0x560e094464a0 .functor NOT 4, L_0x560e094463b0, C4<0000>, C4<0000>, C4<0000>;
L_0x560e09446560 .functor AND 4, L_0x560e094462c0, L_0x560e094464a0, C4<1111>, C4<1111>;
L_0x560e09446710 .functor XOR 4, L_0x560e09446940, L_0x560e09446670, C4<0000>, C4<0000>;
v0x560e0943f5f0_0 .net *"_ivl_10", 3 0, L_0x560e094464a0;  1 drivers
v0x560e0943f6f0_0 .net *"_ivl_12", 3 0, L_0x560e09446560;  1 drivers
v0x560e0943f7d0_0 .net *"_ivl_16", 3 0, L_0x560e09446940;  1 drivers
v0x560e0943f890_0 .net *"_ivl_18", 2 0, L_0x560e09446850;  1 drivers
v0x560e0943f970_0 .net *"_ivl_2", 3 0, L_0x560e094462c0;  1 drivers
L_0x7f830086f0f0 .functor BUFT 1, C4<0>, C4<0>, C4<0>, C4<0>;
v0x560e0943faa0_0 .net *"_ivl_20", 0 0, L_0x7f830086f0f0;  1 drivers
L_0x7f830086f060 .functor BUFT 1, C4<000>, C4<0>, C4<0>, C4<0>;
v0x560e0943fb80_0 .net *"_ivl_5", 2 0, L_0x7f830086f060;  1 drivers
v0x560e0943fc60_0 .net *"_ivl_6", 3 0, L_0x560e094463b0;  1 drivers
L_0x7f830086f0a8 .functor BUFT 1, C4<000>, C4<0>, C4<0>, C4<0>;
v0x560e0943fd40_0 .net *"_ivl_9", 2 0, L_0x7f830086f0a8;  1 drivers
v0x560e0943fe20_0 .net "raddr", 2 0, L_0x560e09446190;  alias, 1 drivers
v0x560e0943fee0_0 .var "rbin", 3 0;
v0x560e0943ffa0_0 .net "rbinnext", 3 0, L_0x560e09446670;  1 drivers
v0x560e09440080_0 .net "rclk", 0 0, o0x7f83008b8558;  alias, 0 drivers
v0x560e09440140_0 .var "rempty", 0 0;
v0x560e09440200_0 .net "rempty_val", 0 0, L_0x560e09446b10;  1 drivers
v0x560e094402c0_0 .net "rgraynext", 3 0, L_0x560e09446710;  1 drivers
v0x560e094403a0_0 .net "rinc", 0 0, L_0x560e09447bb0;  alias, 1 drivers
v0x560e09440460_0 .var "rptr", 3 0;
v0x560e09440540_0 .net "rq2_wptr", 3 0, v0x560e094413a0_0;  alias, 1 drivers
v0x560e09440620_0 .net "rrst_n", 0 0, v0x560e094456f0_0;  alias, 1 drivers
E_0x560e093ff130/0 .event negedge, v0x560e09440620_0;
E_0x560e093ff130/1 .event posedge, v0x560e09440080_0;
E_0x560e093ff130 .event/or E_0x560e093ff130/0, E_0x560e093ff130/1;
L_0x560e09446190 .part v0x560e0943fee0_0, 0, 3;
L_0x560e094462c0 .concat [ 1 3 0 0], L_0x560e09447bb0, L_0x7f830086f060;
L_0x560e094463b0 .concat [ 1 3 0 0], v0x560e09440140_0, L_0x7f830086f0a8;
L_0x560e09446670 .arith/sum 4, v0x560e0943fee0_0, L_0x560e09446560;
L_0x560e09446850 .part L_0x560e09446670, 1, 3;
L_0x560e09446940 .concat [ 3 1 0 0], L_0x560e09446850, L_0x7f830086f0f0;
L_0x560e09446b10 .cmp/eq 4, L_0x560e09446710, v0x560e094413a0_0;
S_0x560e094407c0 .scope module, "sync_r2w" "sync_r2w" 4 11, 7 2 0, S_0x560e09402b30;
 .timescale 0 0;
    .port_info 0 /OUTPUT 4 "wq2_rptr";
    .port_info 1 /INPUT 4 "rptr";
    .port_info 2 /INPUT 1 "wclk";
    .port_info 3 /INPUT 1 "wrst_n";
P_0x560e09440950 .param/l "ADDRSIZE" 0 7 2, +C4<00000000000000000000000000000011>;
v0x560e09440a40_0 .net "rptr", 3 0, v0x560e09440460_0;  alias, 1 drivers
v0x560e09440b50_0 .net "wclk", 0 0, v0x560e09445aa0_0;  alias, 1 drivers
v0x560e09440c20_0 .var "wq1_rptr", 3 0;
v0x560e09440cf0_0 .var "wq2_rptr", 3 0;
v0x560e09440db0_0 .net "wrst_n", 0 0, v0x560e09445b40_0;  alias, 1 drivers
E_0x560e093fff60/0 .event negedge, v0x560e09440db0_0;
E_0x560e093fff60/1 .event posedge, v0x560e0943ee40_0;
E_0x560e093fff60 .event/or E_0x560e093fff60/0, E_0x560e093fff60/1;
S_0x560e09440f40 .scope module, "sync_w2r" "sync_w2r" 4 13, 8 2 0, S_0x560e09402b30;
 .timescale 0 0;
    .port_info 0 /OUTPUT 4 "rq2_wptr";
    .port_info 1 /INPUT 4 "wptr";
    .port_info 2 /INPUT 1 "rclk";
    .port_info 3 /INPUT 1 "rrst_n";
P_0x560e09441120 .param/l "ADDRSIZE" 0 8 2, +C4<00000000000000000000000000000011>;
v0x560e094411f0_0 .net "rclk", 0 0, o0x7f83008b8558;  alias, 0 drivers
v0x560e094412e0_0 .var "rq1_wptr", 3 0;
v0x560e094413a0_0 .var "rq2_wptr", 3 0;
v0x560e094414a0_0 .net "rrst_n", 0 0, v0x560e094456f0_0;  alias, 1 drivers
v0x560e09441570_0 .net "wptr", 3 0, v0x560e09442c00_0;  alias, 1 drivers
S_0x560e094416e0 .scope module, "wptr_full" "wptr_full" 4 26, 9 2 0, S_0x560e09402b30;
 .timescale 0 0;
    .port_info 0 /OUTPUT 1 "wfull";
    .port_info 1 /OUTPUT 3 "waddr";
    .port_info 2 /OUTPUT 4 "wptr";
    .port_info 3 /INPUT 4 "wq2_rptr";
    .port_info 4 /INPUT 1 "winc";
    .port_info 5 /INPUT 1 "wclk";
    .port_info 6 /INPUT 1 "wrst_n";
P_0x560e09441910 .param/l "ADDRSIZE" 0 9 2, +C4<00000000000000000000000000000011>;
L_0x560e09446ed0 .functor NOT 4, L_0x560e09446de0, C4<0000>, C4<0000>, C4<0000>;
L_0x560e09446f90 .functor AND 4, L_0x560e09446ca0, L_0x560e09446ed0, C4<1111>, C4<1111>;
L_0x560e09447140 .functor XOR 4, L_0x560e09447370, L_0x560e094470a0, C4<0000>, C4<0000>;
L_0x560e094475e0 .functor NOT 2, L_0x560e09447540, C4<00>, C4<00>, C4<00>;
v0x560e09441a60_0 .net *"_ivl_10", 3 0, L_0x560e09446ed0;  1 drivers
v0x560e09441b60_0 .net *"_ivl_12", 3 0, L_0x560e09446f90;  1 drivers
v0x560e09441c40_0 .net *"_ivl_16", 3 0, L_0x560e09447370;  1 drivers
v0x560e09441d00_0 .net *"_ivl_18", 2 0, L_0x560e09447280;  1 drivers
v0x560e09441de0_0 .net *"_ivl_2", 3 0, L_0x560e09446ca0;  1 drivers
L_0x7f830086f1c8 .functor BUFT 1, C4<0>, C4<0>, C4<0>, C4<0>;
v0x560e09441f10_0 .net *"_ivl_20", 0 0, L_0x7f830086f1c8;  1 drivers
v0x560e09441ff0_0 .net *"_ivl_25", 1 0, L_0x560e09447540;  1 drivers
v0x560e094420d0_0 .net *"_ivl_26", 1 0, L_0x560e094475e0;  1 drivers
v0x560e094421b0_0 .net *"_ivl_29", 1 0, L_0x560e094476a0;  1 drivers
v0x560e09442290_0 .net *"_ivl_30", 3 0, L_0x560e09447820;  1 drivers
L_0x7f830086f138 .functor BUFT 1, C4<000>, C4<0>, C4<0>, C4<0>;
v0x560e09442370_0 .net *"_ivl_5", 2 0, L_0x7f830086f138;  1 drivers
v0x560e09442450_0 .net *"_ivl_6", 3 0, L_0x560e09446de0;  1 drivers
L_0x7f830086f180 .functor BUFT 1, C4<000>, C4<0>, C4<0>, C4<0>;
v0x560e09442530_0 .net *"_ivl_9", 2 0, L_0x7f830086f180;  1 drivers
v0x560e09442610_0 .net "waddr", 2 0, L_0x560e09446c00;  alias, 1 drivers
v0x560e094426d0_0 .var "wbin", 3 0;
v0x560e09442790_0 .net "wbinnext", 3 0, L_0x560e094470a0;  1 drivers
v0x560e09442870_0 .net "wclk", 0 0, v0x560e09445aa0_0;  alias, 1 drivers
v0x560e09442910_0 .var "wfull", 0 0;
v0x560e094429b0_0 .net "wfull_val", 0 0, L_0x560e09447910;  1 drivers
v0x560e09442a50_0 .net "wgraynext", 3 0, L_0x560e09447140;  1 drivers
v0x560e09442b30_0 .net "winc", 0 0, L_0x560e09447ab0;  alias, 1 drivers
v0x560e09442c00_0 .var "wptr", 3 0;
v0x560e09442cd0_0 .net "wq2_rptr", 3 0, v0x560e09440cf0_0;  alias, 1 drivers
v0x560e09442da0_0 .net "wrst_n", 0 0, v0x560e09445b40_0;  alias, 1 drivers
L_0x560e09446c00 .part v0x560e094426d0_0, 0, 3;
L_0x560e09446ca0 .concat [ 1 3 0 0], L_0x560e09447ab0, L_0x7f830086f138;
L_0x560e09446de0 .concat [ 1 3 0 0], v0x560e09442910_0, L_0x7f830086f180;
L_0x560e094470a0 .arith/sum 4, v0x560e094426d0_0, L_0x560e09446f90;
L_0x560e09447280 .part L_0x560e094470a0, 1, 3;
L_0x560e09447370 .concat [ 3 1 0 0], L_0x560e09447280, L_0x7f830086f1c8;
L_0x560e09447540 .part v0x560e09440cf0_0, 2, 2;
L_0x560e094476a0 .part v0x560e09440cf0_0, 0, 2;
L_0x560e09447820 .concat [ 2 2 0 0], L_0x560e094476a0, L_0x560e094475e0;
L_0x560e09447910 .cmp/eq 4, L_0x560e09447140, L_0x560e09447820;
S_0x560e09445020 .scope task, "read_data" "read_data" 2 45, 2 45 0, S_0x560e094216b0;
 .timescale 0 0;
TD_axi_stream_tb.read_data ;
    %pushi/vec4 1, 0, 1;
    %store/vec4 v0x560e094458d0_0, 0, 1;
    %load/vec4 v0x560e094458d0_0;
    %flag_set/vec4 8;
    %jmp/0xz  T_0.0, 8;
    %vpi_call 2 49 "$display", $time, " read_data data_out = %0d", v0x560e09445790_0 {0 0 0};
    %delay 10, 0;
    %pushi/vec4 0, 0, 1;
    %store/vec4 v0x560e094458d0_0, 0, 1;
T_0.0 ;
    %end;
S_0x560e094451d0 .scope task, "write_data" "write_data" 2 34, 2 34 0, S_0x560e094216b0;
 .timescale 0 0;
TD_axi_stream_tb.write_data ;
    %pushi/vec4 1, 0, 1;
    %store/vec4 v0x560e09445560_0, 0, 1;
    %wait E_0x560e094001b0;
    %vpi_func 2 38 "$random" 32 {0 0 0};
    %store/vec4 v0x560e09445360_0, 0, 32;
    %load/vec4 v0x560e09445560_0;
    %flag_set/vec4 8;
    %jmp/0xz  T_1.2, 8;
T_1.2 ;
    %vpi_call 2 41 "$display", $time, " write_data data_in = %0d", v0x560e09445360_0 {0 0 0};
    %end;
    .scope S_0x560e094407c0;
T_2 ;
    %wait E_0x560e093fff60;
    %load/vec4 v0x560e09440db0_0;
    %nor/r;
    %flag_set/vec4 8;
    %jmp/0xz  T_2.0, 8;
    %pushi/vec4 0, 0, 8;
    %split/vec4 4;
    %assign/vec4 v0x560e09440c20_0, 0;
    %assign/vec4 v0x560e09440cf0_0, 0;
    %jmp T_2.1;
T_2.0 ;
    %load/vec4 v0x560e09440c20_0;
    %load/vec4 v0x560e09440a40_0;
    %concat/vec4; draw_concat_vec4
    %split/vec4 4;
    %assign/vec4 v0x560e09440c20_0, 0;
    %assign/vec4 v0x560e09440cf0_0, 0;
T_2.1 ;
    %jmp T_2;
    .thread T_2;
    .scope S_0x560e09440f40;
T_3 ;
    %wait E_0x560e093ff130;
    %load/vec4 v0x560e094414a0_0;
    %nor/r;
    %flag_set/vec4 8;
    %jmp/0xz  T_3.0, 8;
    %pushi/vec4 0, 0, 8;
    %split/vec4 4;
    %assign/vec4 v0x560e094412e0_0, 0;
    %assign/vec4 v0x560e094413a0_0, 0;
    %jmp T_3.1;
T_3.0 ;
    %load/vec4 v0x560e094412e0_0;
    %load/vec4 v0x560e09441570_0;
    %concat/vec4; draw_concat_vec4
    %split/vec4 4;
    %assign/vec4 v0x560e094412e0_0, 0;
    %assign/vec4 v0x560e094413a0_0, 0;
T_3.1 ;
    %jmp T_3;
    .thread T_3;
    .scope S_0x560e09408400;
T_4 ;
    %wait E_0x560e094001b0;
    %load/vec4 v0x560e0943ef00_0;
    %load/vec4 v0x560e0943f0a0_0;
    %nor/r;
    %and;
    %flag_set/vec4 8;
    %jmp/0xz  T_4.0, 8;
    %load/vec4 v0x560e0943efc0_0;
    %load/vec4 v0x560e0941cdb0_0;
    %pad/u 5;
    %ix/vec4 3;
    %ix/load 4, 0, 0; Constant delay
    %assign/vec4/a/d v0x560e093ec370, 0, 4;
T_4.0 ;
    %jmp T_4;
    .thread T_4;
    .scope S_0x560e0943f240;
T_5 ;
    %wait E_0x560e093ff130;
    %load/vec4 v0x560e09440620_0;
    %nor/r;
    %flag_set/vec4 8;
    %jmp/0xz  T_5.0, 8;
    %pushi/vec4 0, 0, 8;
    %split/vec4 4;
    %assign/vec4 v0x560e09440460_0, 0;
    %assign/vec4 v0x560e0943fee0_0, 0;
    %jmp T_5.1;
T_5.0 ;
    %load/vec4 v0x560e0943ffa0_0;
    %load/vec4 v0x560e094402c0_0;
    %concat/vec4; draw_concat_vec4
    %split/vec4 4;
    %assign/vec4 v0x560e09440460_0, 0;
    %assign/vec4 v0x560e0943fee0_0, 0;
T_5.1 ;
    %jmp T_5;
    .thread T_5;
    .scope S_0x560e0943f240;
T_6 ;
    %wait E_0x560e093ff130;
    %load/vec4 v0x560e09440620_0;
    %nor/r;
    %flag_set/vec4 8;
    %jmp/0xz  T_6.0, 8;
    %pushi/vec4 1, 0, 1;
    %assign/vec4 v0x560e09440140_0, 0;
    %jmp T_6.1;
T_6.0 ;
    %load/vec4 v0x560e09440200_0;
    %assign/vec4 v0x560e09440140_0, 0;
T_6.1 ;
    %jmp T_6;
    .thread T_6;
    .scope S_0x560e094416e0;
T_7 ;
    %wait E_0x560e093fff60;
    %load/vec4 v0x560e09442da0_0;
    %nor/r;
    %flag_set/vec4 8;
    %jmp/0xz  T_7.0, 8;
    %pushi/vec4 0, 0, 8;
    %split/vec4 4;
    %assign/vec4 v0x560e09442c00_0, 0;
    %assign/vec4 v0x560e094426d0_0, 0;
    %jmp T_7.1;
T_7.0 ;
    %load/vec4 v0x560e09442790_0;
    %load/vec4 v0x560e09442a50_0;
    %concat/vec4; draw_concat_vec4
    %split/vec4 4;
    %assign/vec4 v0x560e09442c00_0, 0;
    %assign/vec4 v0x560e094426d0_0, 0;
T_7.1 ;
    %jmp T_7;
    .thread T_7;
    .scope S_0x560e094416e0;
T_8 ;
    %wait E_0x560e093fff60;
    %load/vec4 v0x560e09442da0_0;
    %nor/r;
    %flag_set/vec4 8;
    %jmp/0xz  T_8.0, 8;
    %pushi/vec4 0, 0, 1;
    %assign/vec4 v0x560e09442910_0, 0;
    %jmp T_8.1;
T_8.0 ;
    %load/vec4 v0x560e094429b0_0;
    %assign/vec4 v0x560e09442910_0, 0;
T_8.1 ;
    %jmp T_8;
    .thread T_8;
    .scope S_0x560e094216b0;
T_9 ;
    %pushi/vec4 0, 0, 1;
    %store/vec4 v0x560e09445600_0, 0, 1;
    %pushi/vec4 0, 0, 1;
    %store/vec4 v0x560e09445aa0_0, 0, 1;
    %end;
    .thread T_9;
    .scope S_0x560e094216b0;
T_10 ;
    %vpi_call 2 30 "$dumpfile", "axiwrapper.vcd" {0 0 0};
    %vpi_call 2 31 "$dumpvars" {0 0 0};
    %end;
    .thread T_10;
    .scope S_0x560e094216b0;
T_11 ;
    %delay 5, 0;
    %load/vec4 v0x560e09445600_0;
    %inv;
    %store/vec4 v0x560e09445600_0, 0, 1;
    %jmp T_11;
    .thread T_11;
    .scope S_0x560e094216b0;
T_12 ;
    %delay 10, 0;
    %load/vec4 v0x560e09445aa0_0;
    %inv;
    %store/vec4 v0x560e09445aa0_0, 0, 1;
    %jmp T_12;
    .thread T_12;
    .scope S_0x560e094216b0;
T_13 ;
    %pushi/vec4 0, 0, 1;
    %store/vec4 v0x560e09445b40_0, 0, 1;
    %pushi/vec4 0, 0, 1;
    %store/vec4 v0x560e094456f0_0, 0, 1;
    %delay 10, 0;
    %pushi/vec4 1, 0, 1;
    %store/vec4 v0x560e09445b40_0, 0, 1;
    %delay 10, 0;
    %pushi/vec4 0, 0, 1;
    %store/vec4 v0x560e09445b40_0, 0, 1;
    %delay 10, 0;
    %pushi/vec4 1, 0, 1;
    %store/vec4 v0x560e09445b40_0, 0, 1;
    %pushi/vec4 1, 0, 1;
    %store/vec4 v0x560e094458d0_0, 0, 1;
    %pushi/vec4 1, 0, 1;
    %store/vec4 v0x560e094456f0_0, 0, 1;
    %pushi/vec4 3, 0, 32;
T_13.0 %dup/vec4;
    %pushi/vec4 0, 0, 32;
    %cmp/s;
    %jmp/1xz T_13.1, 5;
    %jmp/1 T_13.1, 4;
    %pushi/vec4 1, 0, 32;
    %sub;
    %fork TD_axi_stream_tb.write_data, S_0x560e094451d0;
    %join;
    %jmp T_13.0;
T_13.1 ;
    %pop/vec4 1;
    %delay 200, 0;
    %vpi_call 2 72 "$finish" {0 0 0};
    %end;
    .thread T_13;
# The file index is used to find the file name in the following table.
:file_names 10;
    "N/A";
    "<interactive>";
    "axi_wrapper_tb.v";
    "axi_wrapper.v";
    "fifotop.v";
    "fifomem.v";
    "rptr_empty.v";
    "sync_r2w.v";
    "sync_w2r.v";
    "wptr_full.v";
