#! /usr/bin/vvp
:ivl_version "11.0 (stable)";
:ivl_delay_selection "TYPICAL";
:vpi_time_precision + 0;
:vpi_module "/usr/lib/x86_64-linux-gnu/ivl/system.vpi";
:vpi_module "/usr/lib/x86_64-linux-gnu/ivl/vhdl_sys.vpi";
:vpi_module "/usr/lib/x86_64-linux-gnu/ivl/vhdl_textio.vpi";
:vpi_module "/usr/lib/x86_64-linux-gnu/ivl/v2005_math.vpi";
:vpi_module "/usr/lib/x86_64-linux-gnu/ivl/va_math.vpi";
S_0x55f90f3d9dc0 .scope module, "n_1mux_tb" "n_1mux_tb" 2 1;
 .timescale 0 0;
v0x55f90f431570_0 .var "in", 15 0;
v0x55f90f431660_0 .var "sel", 3 0;
v0x55f90f431730_0 .net "y", 0 0, v0x55f90f431420_0;  1 drivers
S_0x55f90f3d9f50 .scope module, "uut" "n_1mux" 2 5, 3 1 0, S_0x55f90f3d9dc0;
 .timescale 0 0;
    .port_info 0 /INPUT 16 "in";
    .port_info 1 /INPUT 4 "sel";
    .port_info 2 /OUTPUT 1 "y";
P_0x55f90f3da130 .param/l "n" 0 3 2, +C4<00000000000000000000000000010000>;
v0x55f90f418150_0 .net "in", 15 0, v0x55f90f431570_0;  1 drivers
v0x55f90f431340_0 .net "sel", 3 0, v0x55f90f431660_0;  1 drivers
v0x55f90f431420_0 .var "y", 0 0;
E_0x55f90f419070 .event edge, v0x55f90f431340_0, v0x55f90f418150_0;
    .scope S_0x55f90f3d9f50;
T_0 ;
    %wait E_0x55f90f419070;
    %load/vec4 v0x55f90f431340_0;
    %dup/vec4;
    %pushi/vec4 0, 0, 4;
    %cmp/u;
    %jmp/1 T_0.0, 6;
    %dup/vec4;
    %pushi/vec4 1, 0, 4;
    %cmp/u;
    %jmp/1 T_0.1, 6;
    %dup/vec4;
    %pushi/vec4 2, 0, 4;
    %cmp/u;
    %jmp/1 T_0.2, 6;
    %dup/vec4;
    %pushi/vec4 3, 0, 4;
    %cmp/u;
    %jmp/1 T_0.3, 6;
    %dup/vec4;
    %pushi/vec4 4, 0, 4;
    %cmp/u;
    %jmp/1 T_0.4, 6;
    %dup/vec4;
    %pushi/vec4 5, 0, 4;
    %cmp/u;
    %jmp/1 T_0.5, 6;
    %dup/vec4;
    %pushi/vec4 6, 0, 4;
    %cmp/u;
    %jmp/1 T_0.6, 6;
    %dup/vec4;
    %pushi/vec4 7, 0, 4;
    %cmp/u;
    %jmp/1 T_0.7, 6;
    %dup/vec4;
    %pushi/vec4 8, 0, 4;
    %cmp/u;
    %jmp/1 T_0.8, 6;
    %dup/vec4;
    %pushi/vec4 9, 0, 4;
    %cmp/u;
    %jmp/1 T_0.9, 6;
    %dup/vec4;
    %pushi/vec4 10, 0, 4;
    %cmp/u;
    %jmp/1 T_0.10, 6;
    %dup/vec4;
    %pushi/vec4 11, 0, 4;
    %cmp/u;
    %jmp/1 T_0.11, 6;
    %dup/vec4;
    %pushi/vec4 12, 0, 4;
    %cmp/u;
    %jmp/1 T_0.12, 6;
    %dup/vec4;
    %pushi/vec4 13, 0, 4;
    %cmp/u;
    %jmp/1 T_0.13, 6;
    %dup/vec4;
    %pushi/vec4 14, 0, 4;
    %cmp/u;
    %jmp/1 T_0.14, 6;
    %dup/vec4;
    %pushi/vec4 15, 0, 4;
    %cmp/u;
    %jmp/1 T_0.15, 6;
    %pushi/vec4 0, 0, 1;
    %store/vec4 v0x55f90f431420_0, 0, 1;
    %jmp T_0.17;
T_0.0 ;
    %load/vec4 v0x55f90f418150_0;
    %parti/s 1, 0, 2;
    %store/vec4 v0x55f90f431420_0, 0, 1;
    %jmp T_0.17;
T_0.1 ;
    %load/vec4 v0x55f90f418150_0;
    %parti/s 1, 1, 2;
    %store/vec4 v0x55f90f431420_0, 0, 1;
    %jmp T_0.17;
T_0.2 ;
    %load/vec4 v0x55f90f418150_0;
    %parti/s 1, 2, 3;
    %store/vec4 v0x55f90f431420_0, 0, 1;
    %jmp T_0.17;
T_0.3 ;
    %load/vec4 v0x55f90f418150_0;
    %parti/s 1, 3, 3;
    %store/vec4 v0x55f90f431420_0, 0, 1;
    %jmp T_0.17;
T_0.4 ;
    %load/vec4 v0x55f90f418150_0;
    %parti/s 1, 4, 4;
    %store/vec4 v0x55f90f431420_0, 0, 1;
    %jmp T_0.17;
T_0.5 ;
    %load/vec4 v0x55f90f418150_0;
    %parti/s 1, 5, 4;
    %store/vec4 v0x55f90f431420_0, 0, 1;
    %jmp T_0.17;
T_0.6 ;
    %load/vec4 v0x55f90f418150_0;
    %parti/s 1, 6, 4;
    %store/vec4 v0x55f90f431420_0, 0, 1;
    %jmp T_0.17;
T_0.7 ;
    %load/vec4 v0x55f90f418150_0;
    %parti/s 1, 7, 4;
    %store/vec4 v0x55f90f431420_0, 0, 1;
    %jmp T_0.17;
T_0.8 ;
    %load/vec4 v0x55f90f418150_0;
    %parti/s 1, 8, 5;
    %store/vec4 v0x55f90f431420_0, 0, 1;
    %jmp T_0.17;
T_0.9 ;
    %load/vec4 v0x55f90f418150_0;
    %parti/s 1, 9, 5;
    %store/vec4 v0x55f90f431420_0, 0, 1;
    %jmp T_0.17;
T_0.10 ;
    %load/vec4 v0x55f90f418150_0;
    %parti/s 1, 10, 5;
    %store/vec4 v0x55f90f431420_0, 0, 1;
    %jmp T_0.17;
T_0.11 ;
    %load/vec4 v0x55f90f418150_0;
    %parti/s 1, 11, 5;
    %store/vec4 v0x55f90f431420_0, 0, 1;
    %jmp T_0.17;
T_0.12 ;
    %load/vec4 v0x55f90f418150_0;
    %parti/s 1, 12, 5;
    %store/vec4 v0x55f90f431420_0, 0, 1;
    %jmp T_0.17;
T_0.13 ;
    %load/vec4 v0x55f90f418150_0;
    %parti/s 1, 13, 5;
    %store/vec4 v0x55f90f431420_0, 0, 1;
    %jmp T_0.17;
T_0.14 ;
    %load/vec4 v0x55f90f418150_0;
    %parti/s 1, 14, 5;
    %store/vec4 v0x55f90f431420_0, 0, 1;
    %jmp T_0.17;
T_0.15 ;
    %load/vec4 v0x55f90f418150_0;
    %parti/s 1, 15, 5;
    %store/vec4 v0x55f90f431420_0, 0, 1;
    %jmp T_0.17;
T_0.17 ;
    %pop/vec4 1;
    %jmp T_0;
    .thread T_0, $push;
    .scope S_0x55f90f3d9dc0;
T_1 ;
    %pushi/vec4 32768, 0, 16;
    %store/vec4 v0x55f90f431570_0, 0, 16;
    %pushi/vec4 0, 0, 4;
    %store/vec4 v0x55f90f431660_0, 0, 4;
    %delay 10, 0;
    %pushi/vec4 16386, 0, 16;
    %store/vec4 v0x55f90f431570_0, 0, 16;
    %pushi/vec4 1, 0, 4;
    %store/vec4 v0x55f90f431660_0, 0, 4;
    %delay 10, 0;
    %pushi/vec4 8196, 0, 16;
    %store/vec4 v0x55f90f431570_0, 0, 16;
    %pushi/vec4 2, 0, 4;
    %store/vec4 v0x55f90f431660_0, 0, 4;
    %delay 10, 0;
    %pushi/vec4 4096, 0, 16;
    %store/vec4 v0x55f90f431570_0, 0, 16;
    %pushi/vec4 3, 0, 4;
    %store/vec4 v0x55f90f431660_0, 0, 4;
    %delay 10, 0;
    %pushi/vec4 1024, 0, 16;
    %store/vec4 v0x55f90f431570_0, 0, 16;
    %pushi/vec4 5, 0, 4;
    %store/vec4 v0x55f90f431660_0, 0, 4;
    %delay 10, 0;
    %pushi/vec4 512, 0, 16;
    %store/vec4 v0x55f90f431570_0, 0, 16;
    %pushi/vec4 6, 0, 4;
    %store/vec4 v0x55f90f431660_0, 0, 4;
    %delay 10, 0;
    %pushi/vec4 480, 0, 16;
    %store/vec4 v0x55f90f431570_0, 0, 16;
    %pushi/vec4 7, 0, 4;
    %store/vec4 v0x55f90f431660_0, 0, 4;
    %delay 10, 0;
    %pushi/vec4 128, 0, 16;
    %store/vec4 v0x55f90f431570_0, 0, 16;
    %pushi/vec4 8, 0, 4;
    %store/vec4 v0x55f90f431660_0, 0, 4;
    %delay 10, 0;
    %pushi/vec4 64, 0, 16;
    %store/vec4 v0x55f90f431570_0, 0, 16;
    %pushi/vec4 9, 0, 4;
    %store/vec4 v0x55f90f431660_0, 0, 4;
    %delay 10, 0;
    %pushi/vec4 1568, 0, 16;
    %store/vec4 v0x55f90f431570_0, 0, 16;
    %pushi/vec4 10, 0, 4;
    %store/vec4 v0x55f90f431660_0, 0, 4;
    %delay 10, 0;
    %pushi/vec4 16, 0, 16;
    %store/vec4 v0x55f90f431570_0, 0, 16;
    %pushi/vec4 11, 0, 4;
    %store/vec4 v0x55f90f431660_0, 0, 4;
    %delay 10, 0;
    %pushi/vec4 8, 0, 16;
    %store/vec4 v0x55f90f431570_0, 0, 16;
    %pushi/vec4 12, 0, 4;
    %store/vec4 v0x55f90f431660_0, 0, 4;
    %delay 10, 0;
    %pushi/vec4 4, 0, 16;
    %store/vec4 v0x55f90f431570_0, 0, 16;
    %pushi/vec4 13, 0, 4;
    %store/vec4 v0x55f90f431660_0, 0, 4;
    %delay 10, 0;
    %pushi/vec4 2, 0, 16;
    %store/vec4 v0x55f90f431570_0, 0, 16;
    %pushi/vec4 14, 0, 4;
    %store/vec4 v0x55f90f431660_0, 0, 4;
    %delay 10, 0;
    %pushi/vec4 32769, 0, 16;
    %store/vec4 v0x55f90f431570_0, 0, 16;
    %pushi/vec4 15, 0, 4;
    %store/vec4 v0x55f90f431660_0, 0, 4;
    %end;
    .thread T_1;
    .scope S_0x55f90f3d9dc0;
T_2 ;
    %vpi_call 2 29 "$dumpfile", "mux.vcd" {0 0 0};
    %vpi_call 2 30 "$dumpvars" {0 0 0};
    %vpi_call 2 31 "$monitor", "in=%b | sel=%b | out=%b", v0x55f90f431570_0, v0x55f90f431660_0, v0x55f90f431730_0 {0 0 0};
    %delay 500, 0;
    %vpi_call 2 33 "$finish" {0 0 0};
    %end;
    .thread T_2;
# The file index is used to find the file name in the following table.
:file_names 4;
    "N/A";
    "<interactive>";
    "mux_tb.v";
    "mux.v";
